#
# A fatal error has been detected by the Java Runtime Environment:
#
#  EXCEPTION_ACCESS_VIOLATION (0xc0000005) at pc=0x0000015c56960fa4, pid=2780, tid=25788
#
# JRE version: Java(TM) SE Runtime Environment (21.0+35) (build 21+35-LTS-2513)
# Java VM: Java HotSpot(TM) 64-Bit Server VM (21+35-LTS-2513, mixed mode, emulated-client, sharing, tiered, compressed oops, compressed class ptrs, g1 gc, windows-amd64)
# Problematic frame:
# v  ~BufferBlob::MethodHandles adapters 0x0000015c56960fa4
#
# No core dump will be written. Minidumps are not enabled by default on client versions of Windows
#
# If you would like to submit a bug report, please visit:
#   https://bugreport.java.com/bugreport/crash.jsp
#

---------------  S U M M A R Y ------------

Command Line: -XX:+ShowCodeDetailsInExceptionMessages -agentlib:jdwp=transport=dt_socket,suspend=y,address=localhost:55031 -Dcom.sun.management.jmxremote -Dcom.sun.management.jmxremote.port=55030 -Dcom.sun.management.jmxremote.authenticate=false -Dcom.sun.management.jmxremote.ssl=false -Djava.rmi.server.hostname=localhost -Dspring.jmx.enabled=true -Dmanagement.endpoints.jmx.exposure.include=* -Dspring.application.admin.enabled=true -XX:TieredStopAtLevel=1 -Dspring.boot.project.name=ShopmeFrontEnd -javaagent:D:\PERSONAL\App\Development\Installer\sts-4.20.0.RELEASE\configuration\org.eclipse.osgi\262\0\.cp\lib\javaagent-shaded.jar -Dfile.encoding=UTF-8 -Dstdout.encoding=UTF-8 -Dstderr.encoding=UTF-8 com.shopme.ShopmeFrontEndApplication --spring.output.ansi.enabled=always

Host: 13th Gen Intel(R) Core(TM) i5-13500H, 16 cores, 15G,  Windows 11 , 64 bit Build 22621 (10.0.22621.2506)
Time: Tue Nov 14 17:52:59 2023 SE Asia Standard Time elapsed time: 37.015068 seconds (0d 0h 0m 37s)

---------------  T H R E A D  ---------------

Current thread (0x0000015c67424f30):  JavaThread "http-nio-80-exec-1" daemon [_thread_in_Java, id=25788, stack(0x000000321f300000,0x000000321f400000) (1024K)]

Stack: [0x000000321f300000,0x000000321f400000],  sp=0x000000321f3fbdc8,  free space=1007k
Native frames: (J=compiled Java code, j=interpreted, Vv=VM code, C=native code)
C  0x0000015c56960fa4

The last pc belongs to _linkToVirtual (printed below).

siginfo: EXCEPTION_ACCESS_VIOLATION (0xc0000005), reading address 0x0000042f0ca952da


Registers:
RAX=0x0000015c5693958b, RBX=0x0000000706eabcf0, RCX=0x000000321f3fbdd0, RDX=0x0000000000000002
RSP=0x000000321f3fbdc8, RBP=0x000000321f3fbe18, RSI=0x0000015c68b8e128, RDI=0x0000015c678beda0
R8 =0x0000000000000004, R9 =0x0000000000000004, R10=0x0000015c0072b04a, R11=0x0000005a6186d419
R12=0x0000000000000000, R13=0x000000321f3fbdc8, R14=0x000000321f3fbe38, R15=0x0000015c67424f30
RIP=0x0000015c56960fa4, EFLAGS=0x0000000000010202


Register to memory mapping:

RAX=0x0000015c5693958b is at code_begin+4363 in an Interpreter codelet
return entry points  [0x0000015c56938480, 0x0000015c5693a298]  7704 bytes
RBX=0x0000000706eabcf0 is an oop: com.shopme.controller.MainController 
{0x0000000706eabcf0} - klass: 'com/shopme/controller/MainController'
 - ---- fields (total size 2 words):
 - private 'categoryService' 'Lcom/shopme/service/CategoryService;' @12  a 'com/shopme/service/CategoryService'{0x0000000706eabd00} (0xe0dd57a0)
RCX=0x000000321f3fbdd0 is pointing into the stack for thread: 0x0000015c67424f30
RDX=0x0000000000000002 is an unknown value
RSP=0x000000321f3fbdc8 is pointing into the stack for thread: 0x0000015c67424f30
RBP=0x000000321f3fbe18 is pointing into the stack for thread: 0x0000015c67424f30
RSI=0x0000015c68b8e128 points into unknown readable memory: 0x80000a0249afd542 | 42 d5 af 49 02 0a 00 80
RDI=0x0000015c678beda0 points into unknown readable memory: 0x0000001800000060 | 60 00 00 00 18 00 00 00
R8 =0x0000000000000004 is an unknown value
R9 =0x0000000000000004 is an unknown value
R10=0x0000015c0072b04a is pointing into metadata
R11=0x0000005a6186d419 is an unknown value
R12=0x0 is null
R13=0x000000321f3fbdc8 is pointing into the stack for thread: 0x0000015c67424f30
R14=0x000000321f3fbe38 is pointing into the stack for thread: 0x0000015c67424f30
R15=0x0000015c67424f30 is a thread

Top of Stack: (sp=0x000000321f3fbdc8)
0x000000321f3fbdc8:   0000015c5693958b 000000321f3fbdd0
0x000000321f3fbdd8:   0000015c0072b04a 0000000000000004
0x000000321f3fbde8:   0000015c000b20d0 000000070b884010
0x000000321f3fbdf8:   0000000705e83a60 0000015c000b4c20
0x000000321f3fbe08:   000000321f3fbdc8 000000321f3fbe40
0x000000321f3fbe18:   000000321f3fc158 0000015c57495530
0x000000321f3fbe28:   000000070b883cc8 0000000706eabcf0
0x000000321f3fbe38:   000000070b883e18 000000321f3fc158
0x000000321f3fbe48:   0000015c57cb2434 00000007066bcf68
0x000000321f3fbe58:   000000070b883fe8 0000000706eabcf0
0x000000321f3fbe68:   000000070b883f98 000000070b883e18
0x000000321f3fbe78:   0000000706eabcf0 0000015c5749546c
0x000000321f3fbe88:   00007ff93fb63cd5 000000321f3fc158
0x000000321f3fbe98:   0000015c5776d8ba 0000000700000000
0x000000321f3fbea8:   0000000707d57198 00000007066bcf68
0x000000321f3fbeb8:   000000070b884010 000000070b883fe8
0x000000321f3fbec8:   0000000700000001 00000007066bcf68
0x000000321f3fbed8:   0000000709fd5df8 0000000707d56e30
0x000000321f3fbee8:   00007ff93fb82544 000000321f3fc158
0x000000321f3fbef8:   0000015c56d653f4 0000000705e77e90
0x000000321f3fbf08:   00007ff93fb63cd5 000000321f3fc158
0x000000321f3fbf18:   0000015c57cb1df4 0000000000000000
0x000000321f3fbf28:   0000000000000000 0000000000000000
0x000000321f3fbf38:   0000000000000000 0000000000000000
0x000000321f3fbf48:   0000000000000000 000000070b884010
0x000000321f3fbf58:   000000070b837948 0000000706eabcf0
0x000000321f3fbf68:   000000321f3fad00 0000000707d57198
0x000000321f3fbf78:   0000000705e82d60 0000000707d57198
0x000000321f3fbf88:   0000000707d56e30 0000000000000000
0x000000321f3fbf98:   000000070b884010 000000321f3fc158
0x000000321f3fbfa8:   0000015c57ca4622 0000000707d57198
0x000000321f3fbfb8:   000000070b883fe8 000000321f3fc158 

Instructions: (pc=0x0000015c56960fa4)
0x0000015c56960ea4:   5c 01 00 00 00 0f 96 56 5c 01 00 00 80 1f 96 56
0x0000015c56960eb4:   5c 01 00 00 f0 0e 96 56 5c 01 00 00 f0 0e 96 56
0x0000015c56960ec4:   5c 01 00 00 00 00 00 00 00 00 00 00 d8 1f 0f 40
0x0000015c56960ed4:   f9 7f 00 00 f0 10 00 00 60 00 00 00 ff ff ff ff
0x0000015c56960ee4:   f0 10 00 00 00 00 00 00 00 00 00 00 00 00 00 00
0x0000015c56960ef4:   00 00 00 00 00 00 00 00 00 00 00 00 f4 66 66 66
0x0000015c56960f04:   0f 1f 84 00 00 00 00 00 66 66 66 90 66 66 66 0f
0x0000015c56960f14:   1f 84 00 00 00 00 00 66 66 66 90 90 48 8b 53 08
0x0000015c56960f24:   0f b7 52 2e 48 8b 0c d4 8b 59 14 48 c1 e3 03 8b
0x0000015c56960f34:   5b 28 48 c1 e3 03 8b 5b 24 48 c1 e3 03 48 8b 5b
0x0000015c56960f44:   10 48 85 db 0f 84 10 00 00 00 41 80 bf e0 05 00
0x0000015c56960f54:   00 00 74 03 ff 63 38 ff 63 50 e9 9d 16 00 00 66
0x0000015c56960f64:   66 66 0f 1f 84 00 00 00 00 00 66 66 66 90 66 66
0x0000015c56960f74:   0f 1f 84 00 00 00 00 00 66 66 66 90 48 8b 53 08
0x0000015c56960f84:   0f b7 52 2e 48 8b 0c d4 58 5b 50 44 8b 51 08 49
0x0000015c56960f94:   bb 00 00 00 00 5c 01 00 00 4d 03 d3 4c 8b 5b 10
0x0000015c56960fa4:   4b 8b 9c da c8 01 00 00 48 85 db 0f 84 10 00 00
0x0000015c56960fb4:   00 41 80 bf e0 05 00 00 00 74 03 ff 63 38 ff 63
0x0000015c56960fc4:   50 e9 36 16 00 00 66 66 66 0f 1f 84 00 00 00 00
0x0000015c56960fd4:   00 66 66 66 90 0f 1f 80 00 00 00 00 58 5b 50 8b
0x0000015c56960fe4:   5b 24 48 c1 e3 03 48 8b 5b 10 48 85 db 0f 84 10
0x0000015c56960ff4:   00 00 00 41 80 bf e0 05 00 00 00 74 03 ff 63 38
0x0000015c56961004:   ff 63 50 e9 f4 15 00 00 66 66 66 0f 1f 84 00 00
0x0000015c56961014:   00 00 00 66 66 66 90 0f 1f 44 00 00 48 8b 53 08
0x0000015c56961024:   0f b7 52 2e 48 8b 0c d4 58 5b 50 48 3b 01 8b 5b
0x0000015c56961034:   24 48 c1 e3 03 48 8b 5b 10 48 85 db 0f 84 10 00
0x0000015c56961044:   00 00 41 80 bf e0 05 00 00 00 74 03 ff 63 38 ff
0x0000015c56961054:   63 50 e9 a5 15 00 00 0f 1f 44 00 00 48 8b 53 08
0x0000015c56961064:   0f b7 52 2e 48 8b 0c d4 58 5b 50 44 8b 51 08 49
0x0000015c56961074:   bb 00 00 00 00 5c 01 00 00 4d 03 d3 8b 43 18 48
0x0000015c56961084:   c1 e0 03 48 8b 40 10 48 8b 5b 10 45 8b 9a a0 00
0x0000015c56961094:   00 00 4f 8d 9c da c8 01 00 00 4d 8d 14 da 49 8b 


Stack slot to memory mapping:

stack at sp + 0 slots: 0x0000015c5693958b is at code_begin+4363 in an Interpreter codelet
return entry points  [0x0000015c56938480, 0x0000015c5693a298]  7704 bytes
stack at sp + 1 slots: 0x000000321f3fbdd0 is pointing into the stack for thread: 0x0000015c67424f30
stack at sp + 2 slots: 0x0000015c0072b04a is pointing into metadata
stack at sp + 3 slots: 0x0000000000000004 is an unknown value
stack at sp + 4 slots: 0x0000015c000b20d0 is pointing into metadata
stack at sp + 5 slots: 0x000000070b884010 is an oop: jdk.internal.reflect.DirectMethodHandleAccessor 
{0x000000070b884010} - klass: 'jdk/internal/reflect/DirectMethodHandleAccessor'
 - ---- fields (total size 4 words):
 - private final 'paramCount' 'I' @12  0 (0x00000000)
 - private final 'flags' 'I' @16  0 (0x00000000)
 - private final 'declaringClass' 'Ljava/lang/Class;' @20  a 'java/lang/Class'{0x00000007066bcf68} = 'com/shopme/controller/MainController' (0xe0cd79ed)
 - private final 'target' 'Ljava/lang/invoke/MethodHandle;' @24  a 'java/lang/invoke/BoundMethodHandle$Species_LL'{0x000000070b883fe8} (0xe17107fd)
stack at sp + 6 slots: 0x0000000705e83a60 is an oop: java.lang.Class 
{0x0000000705e83a60} - klass: 'java/lang/Class'
 - ---- fields (total size 14 words):
 - private volatile transient 'classRedefinedCount' 'I' @12  0 (0x00000000)
 - injected 'klass' 'J' @16  1494649347232 (0x0000015c000b1ca0)
 - injected 'array_klass' 'J' @24  0 (0x0000000000000000)
 - injected 'oop_size' 'I' @32  14 (0x0000000e)
 - injected 'static_oop_field_count' 'I' @36  0 (0x00000000)
 - private volatile transient 'cachedConstructor' 'Ljava/lang/reflect/Constructor;' @40  null (0x00000000)
 - private transient 'name' 'Ljava/lang/String;' @44  null (0x00000000)
 - private transient 'module' 'Ljava/lang/Module;' @48  a 'java/lang/Module'{0x0000000705e65240} (0xe0bcca48)
 - private final 'classLoader' 'Ljava/lang/ClassLoader;' @52  null (0x00000000)
 - private transient 'classData' 'Ljava/lang/Object;' @56  null (0x00000000)
 - private transient 'packageName' 'Ljava/lang/String;' @60  null (0x00000000)
 - private final 'componentType' 'Ljava/lang/Class;' @64  null (0x00000000)
 - private volatile transient 'reflectionData' 'Ljava/lang/ref/SoftReference;' @68  null (0x00000000)
 - private volatile transient 'genericInfo' 'Lsun/reflect/generics/repository/ClassRepository;' @72  null (0x00000000)
 - private volatile transient 'enumConstants' '[Ljava/lang/Object;' @76  null (0x00000000)
 - private volatile transient 'enumConstantDirectory' 'Ljava/util/Map;' @80  null (0x00000000)
 - private volatile transient 'annotationData' 'Ljava/lang/Class$AnnotationData;' @84  null (0x00000000)
 - private volatile transient 'annotationType' 'Lsun/reflect/annotation/AnnotationType;' @88  null (0x00000000)
 - transient 'classValueMap' 'Ljava/lang/ClassValue$ClassValueMap;' @92  null (0x00000000)
 - injected 'protection_domain' 'Ljava/lang/Object;' @96  null (0x00000000)
 - injected 'signers_name' 'Ljava/lang/Object;' @100  null (0x00000000)
 - injected 'source_file' 'Ljava/lang/Object;' @104  null (0x00000000)
 - signature: Ljava/lang/invoke/DirectMethodHandle$Holder;
 - ---- static fields (0):
stack at sp + 7 slots: {method} {0x0000015c000b4c28} 'invokeVirtual' '(Ljava/lang/Object;Ljava/lang/Object;)Ljava/lang/Object;' in 'java/lang/invoke/DirectMethodHandle$Holder'

MethodHandle::interpreter_entry::_linkToVirtual [0x0000015c56960f63, 0x0000015c56960fca] (103 bytes)
[MachCode]
  0x0000015c56960f63: 6666 660f | 1f84 0000 | 0000 0066 | 6666 9066 | 660f 1f84 | 0000 0000 | 0066 6666 | 9048 8b53 
  0x0000015c56960f83: 080f b752 | 2e48 8b0c | d458 5b50 | 448b 5108 | 49bb 0000 | 0000 5c01 | 0000 4d03 | d34c 8b5b 
  0x0000015c56960fa3: 104b 8b9c | dac8 0100 | 0048 85db | 0f84 1000 | 0000 4180 | bfe0 0500 | 0000 7403 | ff63 38ff 
  0x0000015c56960fc3: 6350 e936 | 
[/MachCode]

---------------  P R O C E S S  ---------------

Threads class SMR info:
_java_thread_list=0x0000015c69e92ff0, length=45, elements={
0x0000015c61e49540, 0x0000015c61e4b470, 0x0000015c61e4c980, 0x0000015c61e4f8e0,
0x0000015c61e59820, 0x0000015c61e5aa90, 0x0000015c61e61a30, 0x0000015c61e5cb60,
0x0000015c6616cfc0, 0x0000015c661787a0, 0x0000015c6617ada0, 0x0000015c61e5d1f0,
0x0000015c61e5b120, 0x0000015c61e5c4d0, 0x0000015c61e5a400, 0x0000015c61e5be40,
0x0000015c67426970, 0x0000015c674255c0, 0x0000015c674248a0, 0x0000015c67429df0,
0x0000015c67427d20, 0x0000015c67424210, 0x0000015c67428a40, 0x0000015c674290d0,
0x0000015c67429760, 0x0000015c6742b1a0, 0x0000015c67424f30, 0x0000015c6742a480,
0x0000015c67427000, 0x0000015c6742ab10, 0x0000015c67427690, 0x0000015c6742b830,
0x0000015c69d42030, 0x0000015c69d405f0, 0x0000015c69d3e520, 0x0000015c69d3d170,
0x0000015c69d426c0, 0x0000015c69d42d50, 0x0000015c69d3ff60, 0x0000015c69d419a0,
0x0000015c69d41310, 0x0000015c69d433e0, 0x0000015c69d40c80, 0x0000015c69d3ebb0,
0x0000015c69d44790
}

Java Threads: ( => current thread )
  0x0000015c61e49540 JavaThread "Reference Handler"          daemon [_thread_blocked, id=24028, stack(0x000000321bd00000,0x000000321be00000) (1024K)]
  0x0000015c61e4b470 JavaThread "Finalizer"                  daemon [_thread_blocked, id=1752, stack(0x000000321be00000,0x000000321bf00000) (1024K)]
  0x0000015c61e4c980 JavaThread "Signal Dispatcher"          daemon [_thread_blocked, id=30488, stack(0x000000321bf00000,0x000000321c000000) (1024K)]
  0x0000015c61e4f8e0 JavaThread "Attach Listener"            daemon [_thread_blocked, id=23948, stack(0x000000321c000000,0x000000321c100000) (1024K)]
  0x0000015c61e59820 JavaThread "Service Thread"             daemon [_thread_blocked, id=432, stack(0x000000321c100000,0x000000321c200000) (1024K)]
  0x0000015c61e5aa90 JavaThread "Monitor Deflation Thread"   daemon [_thread_blocked, id=22104, stack(0x000000321c200000,0x000000321c300000) (1024K)]
  0x0000015c61e61a30 JavaThread "C1 CompilerThread0"         daemon [_thread_blocked, id=2032, stack(0x000000321c300000,0x000000321c400000) (1024K)]
  0x0000015c61e5cb60 JavaThread "Common-Cleaner"             daemon [_thread_blocked, id=30108, stack(0x000000321c400000,0x000000321c500000) (1024K)]
  0x0000015c6616cfc0 JavaThread "JDWP Transport Listener: dt_socket" daemon [_thread_blocked, id=25044, stack(0x000000321c700000,0x000000321c800000) (1024K)]
  0x0000015c661787a0 JavaThread "JDWP Event Helper Thread"   daemon [_thread_blocked, id=32012, stack(0x000000321c800000,0x000000321c900000) (1024K)]
  0x0000015c6617ada0 JavaThread "JDWP Command Reader"        daemon [_thread_in_native, id=23192, stack(0x000000321c900000,0x000000321ca00000) (1024K)]
  0x0000015c61e5d1f0 JavaThread "Notification Thread"        daemon [_thread_blocked, id=8816, stack(0x000000321ca00000,0x000000321cb00000) (1024K)]
  0x0000015c61e5b120 JavaThread "RMI TCP Accept-0"           daemon [_thread_in_native, id=25164, stack(0x000000321cc00000,0x000000321cd00000) (1024K)]
  0x0000015c61e5c4d0 JavaThread "RMI TCP Accept-55030"       daemon [_thread_in_native, id=27924, stack(0x000000321d500000,0x000000321d600000) (1024K)]
  0x0000015c61e5a400 JavaThread "RMI TCP Accept-0"           daemon [_thread_in_native, id=31616, stack(0x000000321d600000,0x000000321d700000) (1024K)]
  0x0000015c61e5be40 JavaThread "RMI TCP Connection(idle)"   daemon [_thread_blocked, id=22028, stack(0x000000321dd00000,0x000000321de00000) (1024K)]
  0x0000015c67426970 JavaThread "RMI Scheduler(0)"           daemon [_thread_blocked, id=12096, stack(0x000000321de00000,0x000000321df00000) (1024K)]
  0x0000015c674255c0 JavaThread "RMI TCP Connection(9)-127.0.0.1" daemon [_thread_in_native, id=4612, stack(0x000000321df00000,0x000000321e000000) (1024K)]
  0x0000015c674248a0 JavaThread "JMX server connection timeout 54" daemon [_thread_blocked, id=29464, stack(0x000000321e000000,0x000000321e100000) (1024K)]
  0x0000015c67429df0 JavaThread "mysql-cj-abandoned-connection-cleanup" daemon [_thread_blocked, id=11440, stack(0x000000321e100000,0x000000321e200000) (1024K)]
  0x0000015c67427d20 JavaThread "HikariPool-1 housekeeper"   daemon [_thread_blocked, id=23112, stack(0x000000321ec00000,0x000000321ed00000) (1024K)]
  0x0000015c67424210 JavaThread "Catalina-utility-1"                [_thread_blocked, id=25768, stack(0x000000321ee00000,0x000000321ef00000) (1024K)]
  0x0000015c67428a40 JavaThread "Catalina-utility-2"                [_thread_blocked, id=32696, stack(0x000000321ef00000,0x000000321f000000) (1024K)]
  0x0000015c674290d0 JavaThread "container-0"                       [_thread_blocked, id=31528, stack(0x000000321f000000,0x000000321f100000) (1024K)]
  0x0000015c67429760 JavaThread "File Watcher"               daemon [_thread_blocked, id=20236, stack(0x000000321f100000,0x000000321f200000) (1024K)]
  0x0000015c6742b1a0 JavaThread "Live Reload Server"         daemon [_thread_in_native, id=10192, stack(0x000000321f200000,0x000000321f300000) (1024K)]
=>0x0000015c67424f30 JavaThread "http-nio-80-exec-1"         daemon [_thread_in_Java, id=25788, stack(0x000000321f300000,0x000000321f400000) (1024K)]
  0x0000015c6742a480 JavaThread "http-nio-80-exec-2"         daemon [_thread_blocked, id=21952, stack(0x000000321f400000,0x000000321f500000) (1024K)]
  0x0000015c67427000 JavaThread "http-nio-80-exec-3"         daemon [_thread_blocked, id=29040, stack(0x000000321f500000,0x000000321f600000) (1024K)]
  0x0000015c6742ab10 JavaThread "http-nio-80-exec-4"         daemon [_thread_blocked, id=7060, stack(0x000000321f600000,0x000000321f700000) (1024K)]
  0x0000015c67427690 JavaThread "http-nio-80-exec-5"         daemon [_thread_blocked, id=22648, stack(0x000000321f700000,0x000000321f800000) (1024K)]
  0x0000015c6742b830 JavaThread "http-nio-80-exec-6"         daemon [_thread_blocked, id=22700, stack(0x000000321f800000,0x000000321f900000) (1024K)]
  0x0000015c69d42030 JavaThread "http-nio-80-exec-7"         daemon [_thread_blocked, id=26776, stack(0x000000321f900000,0x000000321fa00000) (1024K)]
  0x0000015c69d405f0 JavaThread "http-nio-80-exec-8"         daemon [_thread_blocked, id=6668, stack(0x000000321fa00000,0x000000321fb00000) (1024K)]
  0x0000015c69d3e520 JavaThread "http-nio-80-exec-9"         daemon [_thread_blocked, id=29132, stack(0x000000321fb00000,0x000000321fc00000) (1024K)]
  0x0000015c69d3d170 JavaThread "http-nio-80-exec-10"        daemon [_thread_blocked, id=3764, stack(0x000000321fc00000,0x000000321fd00000) (1024K)]
  0x0000015c69d426c0 JavaThread "http-nio-80-Poller"         daemon [_thread_in_native, id=24064, stack(0x000000321fd00000,0x000000321fe00000) (1024K)]
  0x0000015c69d42d50 JavaThread "http-nio-80-Acceptor"       daemon [_thread_in_native, id=8108, stack(0x000000321fe00000,0x000000321ff00000) (1024K)]
  0x0000015c69d3ff60 JavaThread "DestroyJavaVM"                     [_thread_blocked, id=29688, stack(0x000000321b500000,0x000000321b600000) (1024K)]
  0x0000015c69d419a0 JavaThread "RMI TCP Connection(idle)"   daemon [_thread_blocked, id=32576, stack(0x000000321dc00000,0x000000321dd00000) (1024K)]
  0x0000015c69d41310 JavaThread "RMI TCP Connection(idle)"   daemon [_thread_blocked, id=14176, stack(0x000000321ff00000,0x0000003220000000) (1024K)]
  0x0000015c69d433e0 JavaThread "RMI TCP Connection(idle)"   daemon [_thread_blocked, id=31172, stack(0x0000003220000000,0x0000003220100000) (1024K)]
  0x0000015c69d40c80 JavaThread "RMI TCP Connection(idle)"   daemon [_thread_blocked, id=27420, stack(0x000000321db00000,0x000000321dc00000) (1024K)]
  0x0000015c69d3ebb0 JavaThread "RMI TCP Connection(idle)"   daemon [_thread_blocked, id=15436, stack(0x0000003220200000,0x0000003220300000) (1024K)]
  0x0000015c69d44790 JavaThread "RMI TCP Connection(idle)"   daemon [_thread_blocked, id=15116, stack(0x0000003220400000,0x0000003220500000) (1024K)]
Total: 45

Other Threads:
  0x0000015c4c2d5690 VMThread "VM Thread"                           [id=14388, stack(0x000000321bc00000,0x000000321bd00000) (1024K)]
  0x0000015c61e166b0 WatcherThread "VM Periodic Task Thread"        [id=23100, stack(0x000000321bb00000,0x000000321bc00000) (1024K)]
  0x0000015c4c2d3d30 WorkerThread "GC Thread#0"                     [id=29192, stack(0x000000321b600000,0x000000321b700000) (1024K)]
  0x0000015c4c2d52f0 WorkerThread "GC Thread#1"                     [id=29820, stack(0x000000321cd00000,0x000000321ce00000) (1024K)]
  0x0000015c66b207c0 WorkerThread "GC Thread#2"                     [id=27980, stack(0x000000321ce00000,0x000000321cf00000) (1024K)]
  0x0000015c66b20b60 WorkerThread "GC Thread#3"                     [id=6828, stack(0x000000321cf00000,0x000000321d000000) (1024K)]
  0x0000015c66b1e720 WorkerThread "GC Thread#4"                     [id=9732, stack(0x000000321d000000,0x000000321d100000) (1024K)]
  0x0000015c66b20080 WorkerThread "GC Thread#5"                     [id=28700, stack(0x000000321d100000,0x000000321d200000) (1024K)]
  0x0000015c66b212a0 WorkerThread "GC Thread#6"                     [id=24384, stack(0x000000321d200000,0x000000321d300000) (1024K)]
  0x0000015c66b219e0 WorkerThread "GC Thread#7"                     [id=11960, stack(0x000000321d300000,0x000000321d400000) (1024K)]
  0x0000015c66b1ee60 WorkerThread "GC Thread#8"                     [id=21328, stack(0x000000321d400000,0x000000321d500000) (1024K)]
  0x0000015c66b21640 WorkerThread "GC Thread#9"                     [id=26796, stack(0x000000321d700000,0x000000321d800000) (1024K)]
  0x0000015c66b21d80 WorkerThread "GC Thread#10"                    [id=25540, stack(0x000000321d800000,0x000000321d900000) (1024K)]
  0x0000015c66b22120 WorkerThread "GC Thread#11"                    [id=16060, stack(0x000000321d900000,0x000000321da00000) (1024K)]
  0x0000015c66b1eac0 WorkerThread "GC Thread#12"                    [id=23600, stack(0x000000321da00000,0x000000321db00000) (1024K)]
  0x0000015c4e55e920 ConcurrentGCThread "G1 Main Marker"            [id=31320, stack(0x000000321b700000,0x000000321b800000) (1024K)]
  0x0000015c4c2d4810 WorkerThread "G1 Conc#0"                       [id=7544, stack(0x000000321b800000,0x000000321b900000) (1024K)]
  0x0000015c66b1f5a0 WorkerThread "G1 Conc#1"                       [id=25136, stack(0x000000321e900000,0x000000321ea00000) (1024K)]
  0x0000015c66b1f940 WorkerThread "G1 Conc#2"                       [id=29580, stack(0x000000321ea00000,0x000000321eb00000) (1024K)]
  0x0000015c61cede90 ConcurrentGCThread "G1 Refine#0"               [id=30472, stack(0x000000321b900000,0x000000321ba00000) (1024K)]
  0x0000015c61cee910 ConcurrentGCThread "G1 Service"                [id=13484, stack(0x000000321ba00000,0x000000321bb00000) (1024K)]
Total: 21

Threads with active compile tasks:
Total: 0

VM state: not at safepoint (normal execution)

VM Mutex/Monitor currently owned by a thread: None

Heap address: 0x0000000705c00000, size: 4004 MB, Compressed Oops mode: Zero based, Oop shift amount: 3

CDS archive(s) mapped at: [0x0000015c00000000-0x0000015c00c90000-0x0000015c00c90000), size 13172736, SharedBaseAddress: 0x0000015c00000000, ArchiveRelocationMode: 1.
Compressed class space mapped at: 0x0000015c01000000-0x0000015c41000000, reserved size: 1073741824
Narrow klass base: 0x0000015c00000000, Narrow klass shift: 0, Narrow klass range: 0x100000000

GC Precious Log:
 CardTable entry size: 512
 Card Set container configuration: InlinePtr #cards 4 size 8 Array Of Cards #cards 16 size 48 Howl #buckets 8 coarsen threshold 3686 Howl Bitmap #cards 512 size 80 coarsen threshold 460 Card regions per heap region 1 cards per card region 4096
 CPUs: 16 total, 16 available
 Memory: 16008M
 Large Page Support: Disabled
 NUMA Support: Disabled
 Compressed Oops: Enabled (Zero based)
 Heap Region Size: 2M
 Heap Min Capacity: 8M
 Heap Initial Capacity: 252M
 Heap Max Capacity: 4004M
 Pre-touch: Disabled
 Parallel Workers: 13
 Concurrent Workers: 3
 Concurrent Refinement Workers: 13
 Periodic GC: Disabled

Heap:
 garbage-first heap   total 122880K, used 82104K [0x0000000705c00000, 0x0000000800000000)
  region size 2048K, 15 young (30720K), 2 survivors (4096K)
 Metaspace       used 76578K, committed 77376K, reserved 1179648K
  class space    used 10911K, committed 11264K, reserved 1048576K

Heap Regions: E=young(eden), S=young(survivor), O=old, HS=humongous(starts), HC=humongous(continues), CS=collection set, F=free, TAMS=top-at-mark-start, PB=parsable bottom
|   0|0x0000000705c00000, 0x0000000705e00000, 0x0000000705e00000|100%| O|  |TAMS 0x0000000705c00000| PB 0x0000000705c00000| Untracked 
|   1|0x0000000705e00000, 0x0000000706000000, 0x0000000706000000|100%| O|  |TAMS 0x0000000705e00000| PB 0x0000000705e00000| Untracked 
|   2|0x0000000706000000, 0x0000000706200000, 0x0000000706200000|100%| O|  |TAMS 0x0000000706000000| PB 0x0000000706000000| Untracked 
|   3|0x0000000706200000, 0x00000007063f4970, 0x0000000706400000| 97%| O|  |TAMS 0x0000000706200000| PB 0x0000000706200000| Untracked 
|   4|0x0000000706400000, 0x0000000706600000, 0x0000000706600000|100%| O|  |TAMS 0x0000000706400000| PB 0x0000000706400000| Untracked 
|   5|0x0000000706600000, 0x0000000706800000, 0x0000000706800000|100%| O|  |TAMS 0x0000000706600000| PB 0x0000000706600000| Untracked 
|   6|0x0000000706800000, 0x0000000706a00000, 0x0000000706a00000|100%| O|  |TAMS 0x0000000706800000| PB 0x0000000706800000| Untracked 
|   7|0x0000000706a00000, 0x0000000706c00000, 0x0000000706c00000|100%| O|  |TAMS 0x0000000706a00000| PB 0x0000000706a00000| Untracked 
|   8|0x0000000706c00000, 0x0000000706e00000, 0x0000000706e00000|100%| O|  |TAMS 0x0000000706c00000| PB 0x0000000706c00000| Untracked 
|   9|0x0000000706e00000, 0x0000000707000000, 0x0000000707000000|100%| O|  |TAMS 0x0000000706e00000| PB 0x0000000706e00000| Untracked 
|  10|0x0000000707000000, 0x0000000707200000, 0x0000000707200000|100%| O|  |TAMS 0x0000000707000000| PB 0x0000000707000000| Untracked 
|  11|0x0000000707200000, 0x0000000707400000, 0x0000000707400000|100%| O|  |TAMS 0x0000000707200000| PB 0x0000000707200000| Untracked 
|  12|0x0000000707400000, 0x0000000707600000, 0x0000000707600000|100%| O|  |TAMS 0x0000000707400000| PB 0x0000000707400000| Untracked 
|  13|0x0000000707600000, 0x0000000707800000, 0x0000000707800000|100%| O|  |TAMS 0x0000000707600000| PB 0x0000000707600000| Untracked 
|  14|0x0000000707800000, 0x0000000707a00000, 0x0000000707a00000|100%| O|  |TAMS 0x0000000707800000| PB 0x0000000707800000| Untracked 
|  15|0x0000000707a00000, 0x0000000707c00000, 0x0000000707c00000|100%| O|  |TAMS 0x0000000707a00000| PB 0x0000000707a00000| Untracked 
|  16|0x0000000707c00000, 0x0000000707e00000, 0x0000000707e00000|100%| O|  |TAMS 0x0000000707c00000| PB 0x0000000707c00000| Untracked 
|  17|0x0000000707e00000, 0x0000000708000000, 0x0000000708000000|100%| O|  |TAMS 0x0000000707e00000| PB 0x0000000707e00000| Untracked 
|  18|0x0000000708000000, 0x0000000708200000, 0x0000000708200000|100%| O|  |TAMS 0x0000000708000000| PB 0x0000000708000000| Untracked 
|  19|0x0000000708200000, 0x0000000708200000, 0x0000000708400000|  0%| F|  |TAMS 0x0000000708200000| PB 0x0000000708200000| Untracked 
|  20|0x0000000708400000, 0x0000000708600000, 0x0000000708600000|100%| O|  |TAMS 0x0000000708400000| PB 0x0000000708400000| Untracked 
|  21|0x0000000708600000, 0x0000000708800000, 0x0000000708800000|100%| O|  |TAMS 0x0000000708600000| PB 0x0000000708600000| Untracked 
|  22|0x0000000708800000, 0x0000000708a00000, 0x0000000708a00000|100%| O|  |TAMS 0x0000000708800000| PB 0x0000000708800000| Untracked 
|  23|0x0000000708a00000, 0x0000000708c00000, 0x0000000708c00000|100%| O|  |TAMS 0x0000000708a00000| PB 0x0000000708a00000| Untracked 
|  24|0x0000000708c00000, 0x0000000708c00000, 0x0000000708e00000|  0%| F|  |TAMS 0x0000000708c00000| PB 0x0000000708c00000| Untracked 
|  25|0x0000000708e00000, 0x0000000708e00000, 0x0000000709000000|  0%| F|  |TAMS 0x0000000708e00000| PB 0x0000000708e00000| Untracked 
|  26|0x0000000709000000, 0x0000000709000000, 0x0000000709200000|  0%| F|  |TAMS 0x0000000709000000| PB 0x0000000709000000| Untracked 
|  27|0x0000000709200000, 0x0000000709200000, 0x0000000709400000|  0%| F|  |TAMS 0x0000000709200000| PB 0x0000000709200000| Untracked 
|  28|0x0000000709400000, 0x0000000709600000, 0x0000000709600000|100%| O|  |TAMS 0x0000000709400000| PB 0x0000000709400000| Untracked 
|  29|0x0000000709600000, 0x00000007096f6310, 0x0000000709800000| 48%| O|  |TAMS 0x0000000709600000| PB 0x0000000709600000| Untracked 
|  30|0x0000000709800000, 0x0000000709800000, 0x0000000709a00000|  0%| F|  |TAMS 0x0000000709800000| PB 0x0000000709800000| Untracked 
|  31|0x0000000709a00000, 0x0000000709a00000, 0x0000000709c00000|  0%| F|  |TAMS 0x0000000709a00000| PB 0x0000000709a00000| Untracked 
|  32|0x0000000709c00000, 0x0000000709d434c8, 0x0000000709e00000| 63%| S|CS|TAMS 0x0000000709c00000| PB 0x0000000709c00000| Complete 
|  33|0x0000000709e00000, 0x000000070a000000, 0x000000070a000000|100%| S|CS|TAMS 0x0000000709e00000| PB 0x0000000709e00000| Complete 
|  34|0x000000070a000000, 0x000000070a000000, 0x000000070a200000|  0%| F|  |TAMS 0x000000070a000000| PB 0x000000070a000000| Untracked 
|  35|0x000000070a200000, 0x000000070a200000, 0x000000070a400000|  0%| F|  |TAMS 0x000000070a200000| PB 0x000000070a200000| Untracked 
|  36|0x000000070a400000, 0x000000070a400000, 0x000000070a600000|  0%| F|  |TAMS 0x000000070a400000| PB 0x000000070a400000| Untracked 
|  37|0x000000070a600000, 0x000000070a600000, 0x000000070a800000|  0%| F|  |TAMS 0x000000070a600000| PB 0x000000070a600000| Untracked 
|  38|0x000000070a800000, 0x000000070a800000, 0x000000070aa00000|  0%| F|  |TAMS 0x000000070a800000| PB 0x000000070a800000| Untracked 
|  39|0x000000070aa00000, 0x000000070aa00000, 0x000000070ac00000|  0%| F|  |TAMS 0x000000070aa00000| PB 0x000000070aa00000| Untracked 
|  40|0x000000070ac00000, 0x000000070ac00000, 0x000000070ae00000|  0%| F|  |TAMS 0x000000070ac00000| PB 0x000000070ac00000| Untracked 
|  41|0x000000070ae00000, 0x000000070ae00000, 0x000000070b000000|  0%| F|  |TAMS 0x000000070ae00000| PB 0x000000070ae00000| Untracked 
|  42|0x000000070b000000, 0x000000070b000000, 0x000000070b200000|  0%| F|  |TAMS 0x000000070b000000| PB 0x000000070b000000| Untracked 
|  43|0x000000070b200000, 0x000000070b200000, 0x000000070b400000|  0%| F|  |TAMS 0x000000070b200000| PB 0x000000070b200000| Untracked 
|  44|0x000000070b400000, 0x000000070b547510, 0x000000070b600000| 63%| E|  |TAMS 0x000000070b400000| PB 0x000000070b400000| Complete 
|  45|0x000000070b600000, 0x000000070b800000, 0x000000070b800000|100%| E|CS|TAMS 0x000000070b600000| PB 0x000000070b600000| Complete 
|  46|0x000000070b800000, 0x000000070ba00000, 0x000000070ba00000|100%| E|CS|TAMS 0x000000070b800000| PB 0x000000070b800000| Complete 
|  47|0x000000070ba00000, 0x000000070bc00000, 0x000000070bc00000|100%| E|CS|TAMS 0x000000070ba00000| PB 0x000000070ba00000| Complete 
|  48|0x000000070bc00000, 0x000000070be00000, 0x000000070be00000|100%| E|CS|TAMS 0x000000070bc00000| PB 0x000000070bc00000| Complete 
|  49|0x000000070be00000, 0x000000070c000000, 0x000000070c000000|100%| E|CS|TAMS 0x000000070be00000| PB 0x000000070be00000| Complete 
|  50|0x000000070c000000, 0x000000070c200000, 0x000000070c200000|100%| E|CS|TAMS 0x000000070c000000| PB 0x000000070c000000| Complete 
|  51|0x000000070c200000, 0x000000070c400000, 0x000000070c400000|100%| E|CS|TAMS 0x000000070c200000| PB 0x000000070c200000| Complete 
|  52|0x000000070c400000, 0x000000070c600000, 0x000000070c600000|100%| E|CS|TAMS 0x000000070c400000| PB 0x000000070c400000| Complete 
|  53|0x000000070c600000, 0x000000070c800000, 0x000000070c800000|100%| E|CS|TAMS 0x000000070c600000| PB 0x000000070c600000| Complete 
|  54|0x000000070c800000, 0x000000070ca00000, 0x000000070ca00000|100%| E|CS|TAMS 0x000000070c800000| PB 0x000000070c800000| Complete 
|  55|0x000000070ca00000, 0x000000070cc00000, 0x000000070cc00000|100%| E|CS|TAMS 0x000000070ca00000| PB 0x000000070ca00000| Complete 
| 125|0x0000000715600000, 0x0000000715800000, 0x0000000715800000|100%| E|  |TAMS 0x0000000715600000| PB 0x0000000715600000| Complete 
|1999|0x00000007ffa00000, 0x00000007ffc00000, 0x00000007ffc00000|100%| O|  |TAMS 0x00000007ffa00000| PB 0x00000007ffa00000| Untracked 
|2000|0x00000007ffc00000, 0x00000007ffe00000, 0x00000007ffe00000|100%| O|  |TAMS 0x00000007ffc00000| PB 0x00000007ffc00000| Untracked 
|2001|0x00000007ffe00000, 0x0000000800000000, 0x0000000800000000|100%| O|  |TAMS 0x00000007ffe00000| PB 0x00000007ffe00000| Untracked 

Card table byte_map: [0x0000015c5a770000,0x0000015c5af50000] _byte_map_base: 0x0000015c56f42000

Marking Bits: (CMBitMap*) 0x0000015c4e54dcb0
 Bits: [0x0000015c5af50000, 0x0000015c5ede0000)

Polling page: 0x0000015c4c280000

Metaspace:

Usage:
  Non-class:     64.13 MB used.
      Class:     10.66 MB used.
       Both:     74.78 MB used.

Virtual space:
  Non-class space:      128.00 MB reserved,      64.56 MB ( 50%) committed,  2 nodes.
      Class space:        1.00 GB reserved,      11.00 MB (  1%) committed,  1 nodes.
             Both:        1.12 GB reserved,      75.56 MB (  7%) committed. 

Chunk freelists:
   Non-Class:  14.52 MB
       Class:  5.03 MB
        Both:  19.55 MB

MaxMetaspaceSize: unlimited
CompressedClassSpaceSize: 1.00 GB
Initial GC threshold: 21.00 MB
Current GC threshold: 112.19 MB
CDS: on
 - commit_granule_bytes: 65536.
 - commit_granule_words: 8192.
 - virtual_space_node_default_size: 8388608.
 - enlarge_chunks_in_place: 1.
 - use_allocation_guard: 0.


Internal statistics:

num_allocs_failed_limit: 6.
num_arena_births: 1168.
num_arena_deaths: 0.
num_vsnodes_births: 3.
num_vsnodes_deaths: 0.
num_space_committed: 1209.
num_space_uncommitted: 0.
num_chunks_returned_to_freelist: 6.
num_chunks_taken_from_freelist: 3862.
num_chunk_merges: 6.
num_chunk_splits: 2777.
num_chunks_enlarged: 2109.
num_inconsistent_stats: 0.

CodeCache: size=49152Kb used=16012Kb max_used=21610Kb free=33139Kb
 bounds [0x0000015c56930000, 0x0000015c57e50000, 0x0000015c59930000]
 total_blobs=9262 nmethods=8513 adapters=670
 compilation: enabled
              stopped_count=0, restarted_count=0
 full_count=0

Compilation events (20 events):
Event: 9.803 Thread 0x0000015c660e2fa0 8589       1       java.io.ObjectOutputStream::writeShort (9 bytes)
Event: 9.804 Thread 0x0000015c660e2fa0 nmethod 8589 0x0000015c5742a690 code [0x0000015c5742a840, 0x0000015c5742a940]
Event: 10.069 Thread 0x0000015c61e61a30 8590       1       org.springframework.boot.devtools.filewatch.FileSnapshot::<init> (64 bytes)
Event: 10.070 Thread 0x0000015c61e61a30 nmethod 8590 0x0000015c57429490 code [0x0000015c574297a0, 0x0000015c57429fc0]
Event: 10.475 Thread 0x0000015c660e3650 8591       1       org.springframework.boot.devtools.filewatch.FileSnapshot::equals (110 bytes)
Event: 10.477 Thread 0x0000015c660e3650 nmethod 8591 0x0000015c57428d10 code [0x0000015c57428ee0, 0x0000015c57429298]
Event: 11.089 Thread 0x0000015c6740cc10 8592       1       java.io.File::getName (42 bytes)
Event: 11.090 Thread 0x0000015c6740cc10 nmethod 8592 0x0000015c570e0a90 code [0x0000015c570e0c60, 0x0000015c570e0ee8]
Event: 14.406 Thread 0x0000015c6740cc10 8593       1       java.lang.Exception::<init> (5 bytes)
Event: 14.407 Thread 0x0000015c6740cc10 nmethod 8593 0x0000015c570e0590 code [0x0000015c570e0740, 0x0000015c570e0990]
Event: 15.237 Thread 0x0000015c6740cc10 8594       1       java.io.File::listFiles (52 bytes)
Event: 15.237 Thread 0x0000015c66a9aa00 8595       1       java.io.File::normalizedList (86 bytes)
Event: 15.237 Thread 0x0000015c660e2fa0 8596   !   1       java.io.WinNTFileSystem::list (27 bytes)
Event: 15.237 Thread 0x0000015c660e2fa0 nmethod 8596 0x0000015c570dfa90 code [0x0000015c570dfc60, 0x0000015c570dfdf0]
Event: 15.237 Thread 0x0000015c6740cc10 nmethod 8594 0x0000015c570df310 code [0x0000015c570df4e0, 0x0000015c570df890]
Event: 15.238 Thread 0x0000015c66a9aa00 nmethod 8595 0x0000015c570dea10 code [0x0000015c570dec20, 0x0000015c570df088]
Event: 15.238 Thread 0x0000015c66a9aa00 8598       1       org.springframework.boot.devtools.filewatch.DirectorySnapshot::collectFiles (99 bytes)
Event: 15.239 Thread 0x0000015c66a9aa00 nmethod 8598 0x0000015c570ddd90 code [0x0000015c570de020, 0x0000015c570de578]
Event: 24.955 Thread 0x0000015c660e2fa0 8599       1       java.util.AbstractCollection::containsAll (38 bytes)
Event: 24.956 Thread 0x0000015c660e2fa0 nmethod 8599 0x0000015c570dd890 code [0x0000015c570dda60, 0x0000015c570ddc58]

GC Heap History (20 events):
Event: 4.611 GC heap before
{Heap before GC invocations=14 (full 0):
 garbage-first heap   total 79872K, used 63296K [0x0000000705c00000, 0x0000000800000000)
  region size 2048K, 23 young (47104K), 2 survivors (4096K)
 Metaspace       used 49175K, committed 49792K, reserved 1114112K
  class space    used 6572K, committed 6848K, reserved 1048576K
}
Event: 4.617 GC heap after
{Heap after GC invocations=15 (full 0):
 garbage-first heap   total 96256K, used 24180K [0x0000000705c00000, 0x0000000800000000)
  region size 2048K, 3 young (6144K), 3 survivors (6144K)
 Metaspace       used 49175K, committed 49792K, reserved 1114112K
  class space    used 6572K, committed 6848K, reserved 1048576K
}
Event: 5.053 GC heap before
{Heap before GC invocations=15 (full 0):
 garbage-first heap   total 96256K, used 73332K [0x0000000705c00000, 0x0000000800000000)
  region size 2048K, 28 young (57344K), 3 survivors (6144K)
 Metaspace       used 54734K, committed 55360K, reserved 1114112K
  class space    used 7522K, committed 7808K, reserved 1048576K
}
Event: 5.058 GC heap after
{Heap after GC invocations=16 (full 0):
 garbage-first heap   total 96256K, used 25201K [0x0000000705c00000, 0x0000000800000000)
  region size 2048K, 3 young (6144K), 3 survivors (6144K)
 Metaspace       used 54734K, committed 55360K, reserved 1114112K
  class space    used 7522K, committed 7808K, reserved 1048576K
}
Event: 5.548 GC heap before
{Heap before GC invocations=16 (full 0):
 garbage-first heap   total 96256K, used 76401K [0x0000000705c00000, 0x0000000800000000)
  region size 2048K, 28 young (57344K), 3 survivors (6144K)
 Metaspace       used 57458K, committed 58112K, reserved 1114112K
  class space    used 7948K, committed 8256K, reserved 1048576K
}
Event: 5.553 GC heap after
{Heap after GC invocations=17 (full 0):
 garbage-first heap   total 96256K, used 26001K [0x0000000705c00000, 0x0000000800000000)
  region size 2048K, 3 young (6144K), 3 survivors (6144K)
 Metaspace       used 57458K, committed 58112K, reserved 1114112K
  class space    used 7948K, committed 8256K, reserved 1048576K
}
Event: 6.323 GC heap before
{Heap before GC invocations=17 (full 0):
 garbage-first heap   total 96256K, used 75153K [0x0000000705c00000, 0x0000000800000000)
  region size 2048K, 28 young (57344K), 3 survivors (6144K)
 Metaspace       used 62273K, committed 62912K, reserved 1114112K
  class space    used 8605K, committed 8896K, reserved 1048576K
}
Event: 6.329 GC heap after
{Heap after GC invocations=18 (full 0):
 garbage-first heap   total 96256K, used 27505K [0x0000000705c00000, 0x0000000800000000)
  region size 2048K, 3 young (6144K), 3 survivors (6144K)
 Metaspace       used 62273K, committed 62912K, reserved 1114112K
  class space    used 8605K, committed 8896K, reserved 1048576K
}
Event: 6.840 GC heap before
{Heap before GC invocations=18 (full 0):
 garbage-first heap   total 96256K, used 76657K [0x0000000705c00000, 0x0000000800000000)
  region size 2048K, 28 young (57344K), 3 survivors (6144K)
 Metaspace       used 66193K, committed 66880K, reserved 1114112K
  class space    used 9371K, committed 9664K, reserved 1048576K
}
Event: 6.848 GC heap after
{Heap after GC invocations=19 (full 0):
 garbage-first heap   total 96256K, used 29997K [0x0000000705c00000, 0x0000000800000000)
  region size 2048K, 3 young (6144K), 3 survivors (6144K)
 Metaspace       used 66193K, committed 66880K, reserved 1114112K
  class space    used 9371K, committed 9664K, reserved 1048576K
}
Event: 7.221 GC heap before
{Heap before GC invocations=19 (full 0):
 garbage-first heap   total 96256K, used 75053K [0x0000000705c00000, 0x0000000800000000)
  region size 2048K, 26 young (53248K), 3 survivors (6144K)
 Metaspace       used 68259K, committed 68928K, reserved 1114112K
  class space    used 9647K, committed 9920K, reserved 1048576K
}
Event: 7.226 GC heap after
{Heap after GC invocations=20 (full 0):
 garbage-first heap   total 96256K, used 32997K [0x0000000705c00000, 0x0000000800000000)
  region size 2048K, 4 young (8192K), 4 survivors (8192K)
 Metaspace       used 68259K, committed 68928K, reserved 1114112K
  class space    used 9647K, committed 9920K, reserved 1048576K
}
Event: 7.522 GC heap before
{Heap before GC invocations=21 (full 0):
 garbage-first heap   total 96256K, used 80101K [0x0000000705c00000, 0x0000000800000000)
  region size 2048K, 27 young (55296K), 4 survivors (8192K)
 Metaspace       used 69444K, committed 70144K, reserved 1114112K
  class space    used 9923K, committed 10240K, reserved 1048576K
}
Event: 7.529 GC heap after
{Heap after GC invocations=22 (full 0):
 garbage-first heap   total 96256K, used 34371K [0x0000000705c00000, 0x0000000800000000)
  region size 2048K, 3 young (6144K), 3 survivors (6144K)
 Metaspace       used 69444K, committed 70144K, reserved 1114112K
  class space    used 9923K, committed 10240K, reserved 1048576K
}
Event: 7.972 GC heap before
{Heap before GC invocations=22 (full 0):
 garbage-first heap   total 96256K, used 79427K [0x0000000705c00000, 0x0000000800000000)
  region size 2048K, 26 young (53248K), 3 survivors (6144K)
 Metaspace       used 71225K, committed 72000K, reserved 1114112K
  class space    used 10142K, committed 10496K, reserved 1048576K
}
Event: 7.980 GC heap after
{Heap after GC invocations=23 (full 0):
 garbage-first heap   total 116736K, used 40082K [0x0000000705c00000, 0x0000000800000000)
  region size 2048K, 4 young (8192K), 4 survivors (8192K)
 Metaspace       used 71225K, committed 72000K, reserved 1114112K
  class space    used 10142K, committed 10496K, reserved 1048576K
}
Event: 8.092 GC heap before
{Heap before GC invocations=23 (full 0):
 garbage-first heap   total 116736K, used 97426K [0x0000000705c00000, 0x0000000800000000)
  region size 2048K, 33 young (67584K), 4 survivors (8192K)
 Metaspace       used 71329K, committed 72128K, reserved 1114112K
  class space    used 10158K, committed 10496K, reserved 1048576K
}
Event: 8.103 GC heap after
{Heap after GC invocations=24 (full 0):
 garbage-first heap   total 122880K, used 55212K [0x0000000705c00000, 0x0000000800000000)
  region size 2048K, 5 young (10240K), 5 survivors (10240K)
 Metaspace       used 71329K, committed 72128K, reserved 1114112K
  class space    used 10158K, committed 10496K, reserved 1048576K
}
Event: 8.654 GC heap before
{Heap before GC invocations=24 (full 0):
 garbage-first heap   total 122880K, used 100268K [0x0000000705c00000, 0x0000000800000000)
  region size 2048K, 28 young (57344K), 5 survivors (10240K)
 Metaspace       used 74753K, committed 75584K, reserved 1114112K
  class space    used 10653K, committed 11008K, reserved 1048576K
}
Event: 8.666 GC heap after
{Heap after GC invocations=25 (full 0):
 garbage-first heap   total 122880K, used 59576K [0x0000000705c00000, 0x0000000800000000)
  region size 2048K, 2 young (4096K), 2 survivors (4096K)
 Metaspace       used 74753K, committed 75584K, reserved 1114112K
  class space    used 10653K, committed 11008K, reserved 1048576K
}

Dll operation events (12 events):
Event: 0.007 Loaded shared library C:\Program Files\Java\jdk-21\bin\java.dll
Event: 0.210 Loaded shared library C:\Program Files\Java\jdk-21\bin\zip.dll
Event: 0.212 Loaded shared library C:\Program Files\Java\jdk-21\bin\instrument.dll
Event: 0.216 Loaded shared library C:\Program Files\Java\jdk-21\bin\net.dll
Event: 0.217 Loaded shared library C:\Program Files\Java\jdk-21\bin\nio.dll
Event: 0.220 Loaded shared library C:\Program Files\Java\jdk-21\bin\zip.dll
Event: 0.317 Loaded shared library C:\Program Files\Java\jdk-21\bin\jimage.dll
Event: 0.353 Loaded shared library C:\Program Files\Java\jdk-21\bin\management.dll
Event: 0.361 Loaded shared library C:\Program Files\Java\jdk-21\bin\management_ext.dll
Event: 0.512 Loaded shared library C:\Program Files\Java\jdk-21\bin\extnet.dll
Event: 0.535 Loaded shared library C:\Program Files\Java\jdk-21\bin\verify.dll
Event: 2.680 Loaded shared library C:\Program Files\Java\jdk-21\bin\sunmscapi.dll

Deoptimization events (20 events):
Event: 8.789 Thread 0x0000015c67424f30 DEOPT PACKING pc=0x0000015c56e4d78c sp=0x000000321f3fa800
Event: 8.789 Thread 0x0000015c67424f30 DEOPT UNPACKING pc=0x0000015c56984e42 sp=0x000000321f3f9cd8 mode 1
Event: 8.795 Thread 0x0000015c67424f30 DEOPT PACKING pc=0x0000015c56e8f0d9 sp=0x000000321f3f9830
Event: 8.795 Thread 0x0000015c67424f30 DEOPT UNPACKING pc=0x0000015c56984e42 sp=0x000000321f3f8c88 mode 1
Event: 8.795 Thread 0x0000015c67424f30 DEOPT PACKING pc=0x0000015c56e892ac sp=0x000000321f3f98c0
Event: 8.795 Thread 0x0000015c67424f30 DEOPT UNPACKING pc=0x0000015c56984e42 sp=0x000000321f3f8d68 mode 1
Event: 8.795 Thread 0x0000015c67424f30 DEOPT PACKING pc=0x0000015c56e4db14 sp=0x000000321f3fa310
Event: 8.795 Thread 0x0000015c67424f30 DEOPT UNPACKING pc=0x0000015c56984e42 sp=0x000000321f3f97d8 mode 1
Event: 8.795 Thread 0x0000015c67424f30 DEOPT PACKING pc=0x0000015c56e4d78c sp=0x000000321f3fa3a0
Event: 8.795 Thread 0x0000015c67424f30 DEOPT UNPACKING pc=0x0000015c56984e42 sp=0x000000321f3f9878 mode 1
Event: 8.796 Thread 0x0000015c67424f30 DEOPT PACKING pc=0x0000015c56e8f0d9 sp=0x000000321f3f9830
Event: 8.796 Thread 0x0000015c67424f30 DEOPT UNPACKING pc=0x0000015c56984e42 sp=0x000000321f3f8c88 mode 1
Event: 8.796 Thread 0x0000015c67424f30 DEOPT PACKING pc=0x0000015c56e892ac sp=0x000000321f3f98c0
Event: 8.796 Thread 0x0000015c67424f30 DEOPT UNPACKING pc=0x0000015c56984e42 sp=0x000000321f3f8d68 mode 1
Event: 8.796 Thread 0x0000015c67424f30 DEOPT PACKING pc=0x0000015c56e4db14 sp=0x000000321f3fa310
Event: 8.796 Thread 0x0000015c67424f30 DEOPT UNPACKING pc=0x0000015c56984e42 sp=0x000000321f3f97d8 mode 1
Event: 8.796 Thread 0x0000015c67424f30 DEOPT PACKING pc=0x0000015c56e4d78c sp=0x000000321f3fa3a0
Event: 8.796 Thread 0x0000015c67424f30 DEOPT UNPACKING pc=0x0000015c56984e42 sp=0x000000321f3f9878 mode 1
Event: 36.918 Thread 0x0000015c67424f30 DEOPT PACKING pc=0x0000015c57988fb4 sp=0x000000321f3fbde0
Event: 36.918 Thread 0x0000015c67424f30 DEOPT UNPACKING pc=0x0000015c56984e42 sp=0x000000321f3fb288 mode 0

Classes loaded (20 events):
Event: 8.736 Loading class sun/reflect/misc/MethodUtil
Event: 8.736 Loading class sun/reflect/misc/MethodUtil done
Event: 8.736 Loading class sun/reflect/misc/MethodUtil$1
Event: 8.736 Loading class sun/reflect/misc/MethodUtil$1 done
Event: 8.748 Loading class javax/management/remote/rmi/RMIConnectionImpl$6
Event: 8.748 Loading class javax/management/remote/rmi/RMIConnectionImpl$6 done
Event: 8.748 Loading class javax/management/remote/rmi/RMIConnectionImpl$7
Event: 8.748 Loading class javax/management/remote/rmi/RMIConnectionImpl$7 done
Event: 8.749 Loading class com/sun/jmx/remote/util/OrderClassLoaders
Event: 8.749 Loading class com/sun/jmx/remote/util/OrderClassLoaders done
Event: 8.749 Loading class javax/management/remote/rmi/RMIConnectionImpl$SetCcl
Event: 8.749 Loading class javax/management/remote/rmi/RMIConnectionImpl$SetCcl done
Event: 8.749 Loading class java/rmi/MarshalledObject$MarshalledObjectInputStream
Event: 8.749 Loading class java/rmi/MarshalledObject$MarshalledObjectInputStream done
Event: 8.751 Loading class java/rmi/server/UnicastRemoteObject
Event: 8.752 Loading class java/rmi/server/UnicastRemoteObject done
Event: 8.817 Loading class java/util/ArrayList$SubList$2
Event: 8.817 Loading class java/util/ArrayList$SubList$2 done
Event: 9.080 Loading class java/util/concurrent/locks/ReentrantReadWriteLock$Sync$HoldCounter
Event: 9.080 Loading class java/util/concurrent/locks/ReentrantReadWriteLock$Sync$HoldCounter done

Classes unloaded (0 events):
No events

Classes redefined (1 events):
Event: 36.966 Thread 0x0000015c4c2d5690 redefined class name=com.shopme.controller.MainController, count=1

Internal exceptions (20 events):
Event: 8.078 Thread 0x0000015c69d41310 Exception <a 'sun/nio/fs/WindowsException'{0x000000070a6e6f88}> (0x000000070a6e6f88) 
thrown [s\open\src\hotspot\share\prims\jni.cpp, line 520]
Event: 8.078 Thread 0x0000015c69d41310 Exception <a 'sun/nio/fs/WindowsException'{0x000000070a6e78d8}> (0x000000070a6e78d8) 
thrown [s\open\src\hotspot\share\prims\jni.cpp, line 520]
Event: 8.078 Thread 0x0000015c69d41310 Exception <a 'sun/nio/fs/WindowsException'{0x000000070a6e7bd8}> (0x000000070a6e7bd8) 
thrown [s\open\src\hotspot\share\prims\jni.cpp, line 520]
Event: 8.079 Thread 0x0000015c69d41310 Exception <a 'sun/nio/fs/WindowsException'{0x000000070a6e8550}> (0x000000070a6e8550) 
thrown [s\open\src\hotspot\share\prims\jni.cpp, line 520]
Event: 8.079 Thread 0x0000015c69d41310 Exception <a 'sun/nio/fs/WindowsException'{0x000000070a6e8870}> (0x000000070a6e8870) 
thrown [s\open\src\hotspot\share\prims\jni.cpp, line 520]
Event: 8.079 Thread 0x0000015c69d41310 Exception <a 'sun/nio/fs/WindowsException'{0x000000070a6e91f8}> (0x000000070a6e91f8) 
thrown [s\open\src\hotspot\share\prims\jni.cpp, line 520]
Event: 8.079 Thread 0x0000015c69d41310 Exception <a 'sun/nio/fs/WindowsException'{0x000000070a6e9528}> (0x000000070a6e9528) 
thrown [s\open\src\hotspot\share\prims\jni.cpp, line 520]
Event: 8.079 Thread 0x0000015c69d41310 Exception <a 'sun/nio/fs/WindowsException'{0x000000070a6e9ea0}> (0x000000070a6e9ea0) 
thrown [s\open\src\hotspot\share\prims\jni.cpp, line 520]
Event: 8.079 Thread 0x0000015c69d41310 Exception <a 'sun/nio/fs/WindowsException'{0x000000070a6ea1d0}> (0x000000070a6ea1d0) 
thrown [s\open\src\hotspot\share\prims\jni.cpp, line 520]
Event: 8.218 Thread 0x0000015c61e5b7b0 Exception <a 'java/lang/NoSuchMethodError'{0x000000070c3bec88}: 'void java.lang.invoke.DirectMethodHandle$Holder.invokeVirtual(java.lang.Object, java.lang.Object, long)'> (0x000000070c3bec88) 
thrown [s\open\src\hotspot\share\interpreter\linkResolver.cpp, line 773]
Event: 8.275 Thread 0x0000015c61e5b7b0 Exception <a 'java/lang/NoSuchMethodError'{0x000000070bb9fa40}: 'int java.lang.invoke.DirectMethodHandle$Holder.invokeStaticInit(java.lang.Object, java.lang.Object, java.lang.Object, java.lang.Object)'> (0x000000070bb9fa40) 
thrown [s\open\src\hotspot\share\interpreter\linkResolver.cpp, line 773]
Event: 8.473 Thread 0x0000015c61e5b7b0 Exception <a 'java/lang/NoSuchMethodError'{0x000000070ac1c3d0}: 'java.lang.Object java.lang.invoke.DirectMethodHandle$Holder.newInvokeSpecial(java.lang.Object, java.lang.Object, int, java.lang.Object, java.lang.Object)'> (0x000000070ac1c3d0) 
thrown [s\open\src\hotspot\share\interpreter\linkResolver.cpp, line 773]
Event: 8.474 Thread 0x0000015c61e5b7b0 Exception <a 'java/lang/NoSuchMethodError'{0x000000070ac26ea0}: 'java.lang.Object java.lang.invoke.DirectMethodHandle$Holder.invokeSpecial(java.lang.Object, java.lang.Object, int, java.lang.Object, int, java.lang.Object)'> (0x000000070ac26ea0) 
thrown [s\open\src\hotspot\share\interpreter\linkResolver.cpp, line 773]
Event: 8.474 Thread 0x0000015c61e5b7b0 Exception <a 'java/lang/NoSuchMethodError'{0x000000070ac2e270}: 'java.lang.Object java.lang.invoke.DirectMethodHandle$Holder.newInvokeSpecial(java.lang.Object, java.lang.Object, int, java.lang.Object, int)'> (0x000000070ac2e270) 
thrown [s\open\src\hotspot\share\interpreter\linkResolver.cpp, line 773]
Event: 8.474 Thread 0x0000015c61e5b7b0 Exception <a 'java/lang/NoSuchMethodError'{0x000000070ac320e0}: 'java.lang.Object java.lang.invoke.DirectMethodHandle$Holder.invokeSpecial(java.lang.Object, java.lang.Object, java.lang.Object, int, java.lang.Object, int)'> (0x000000070ac320e0) 
thrown [s\open\src\hotspot\share\interpreter\linkResolver.cpp, line 773]
Event: 8.594 Thread 0x0000015c67424f30 Exception <a 'java/lang/NoSuchMethodError'{0x000000070a7a8ce8}: 'java.lang.Object java.lang.invoke.DirectMethodHandle$Holder.invokeSpecial(java.lang.Object, java.lang.Object, java.lang.Object, java.lang.Object, java.lang.Object, long)'> (0x000000070a7a8ce8) 
thrown [s\open\src\hotspot\share\interpreter\linkResolver.cpp, line 773]
Event: 8.594 Thread 0x0000015c67424f30 Exception <a 'java/lang/NoSuchMethodError'{0x000000070a7ac590}: 'java.lang.Object java.lang.invoke.Invokers$Holder.linkToTargetMethod(java.lang.Object, java.lang.Object, java.lang.Object, long, java.lang.Object)'> (0x000000070a7ac590) 
thrown [s\open\src\hotspot\share\interpreter\linkResolver.cpp, line 773]
Event: 8.696 Thread 0x0000015c67424f30 Exception <a 'java/lang/IncompatibleClassChangeError'{0x000000070cba3288}: Found class java.lang.Object, but interface was expected> (0x000000070cba3288) 
thrown [s\open\src\hotspot\share\interpreter\linkResolver.cpp, line 840]
Event: 8.746 Thread 0x0000015c674255c0 Exception <a 'java/lang/NoSuchMethodError'{0x000000070c0256e8}: 'java.lang.Object java.lang.invoke.DirectMethodHandle$Holder.invokeInterface(java.lang.Object, java.lang.Object, java.lang.Object, java.lang.Object, java.lang.Object, java.lang.Object, java.lang.Object)'> (0x000000070c0256e8) 
thrown [s\open\src\hotspot\share\interpreter\linkResolver.cpp, line 773]
Event: 8.816 Thread 0x0000015c67424f30 Exception <a 'java/lang/NoSuchMethodError'{0x000000070ba741c0}: 'java.lang.Object java.lang.invoke.DirectMethodHandle$Holder.invokeStatic(java.lang.Object, int, int)'> (0x000000070ba741c0) 
thrown [s\open\src\hotspot\share\interpreter\linkResolver.cpp, line 773]

ZGC Phase Switch (0 events):
No events

VM Operations (20 events):
Event: 21.367 Executing VM operation: ChangeSingleStep
Event: 21.367 Executing VM operation: ChangeSingleStep done
Event: 21.367 Executing VM operation: ChangeSingleStep
Event: 21.367 Executing VM operation: ChangeSingleStep done
Event: 21.377 Executing VM operation: get/set locals
Event: 21.377 Executing VM operation: get/set locals done
Event: 26.421 Executing VM operation: Cleanup
Event: 26.421 Executing VM operation: Cleanup done
Event: 31.451 Executing VM operation: Cleanup
Event: 31.451 Executing VM operation: Cleanup done
Event: 36.918 Executing VM operation: ChangeSingleStep
Event: 36.918 Executing VM operation: ChangeSingleStep done
Event: 36.918 Executing VM operation: ChangeSingleStep
Event: 36.918 Executing VM operation: ChangeSingleStep done
Event: 36.960 Executing VM operation: RedefineClasses
Event: 36.986 Executing VM operation: RedefineClasses done
Event: 37.003 Executing VM operation: ChangeBreakpoints
Event: 37.008 Executing VM operation: ChangeBreakpoints done
Event: 37.010 Executing VM operation: ChangeSingleStep
Event: 37.010 Executing VM operation: ChangeSingleStep done

Events (20 events):
Event: 8.753 Thread 0x0000015c69d40c80 Thread added: 0x0000015c69d40c80
Event: 8.755 Thread 0x0000015c69d43a70 Thread added: 0x0000015c69d43a70
Event: 8.756 Thread 0x0000015c69d3ebb0 Thread added: 0x0000015c69d3ebb0
Event: 8.758 Thread 0x0000015c69d44100 Thread added: 0x0000015c69d44100
Event: 8.759 Thread 0x0000015c69d44790 Thread added: 0x0000015c69d44790
Event: 8.761 Thread 0x0000015c69d3d800 Thread added: 0x0000015c69d3d800
Event: 8.763 Thread 0x0000015c69d43a70 Thread exited: 0x0000015c69d43a70
Event: 9.382 Thread 0x0000015c67425c50 Thread exited: 0x0000015c67425c50
Event: 9.696 Thread 0x0000015c676baf50 Thread exited: 0x0000015c676baf50
Event: 9.696 Thread 0x0000015c6787e9d0 Thread exited: 0x0000015c6787e9d0
Event: 9.800 Thread 0x0000015c69d44100 Thread exited: 0x0000015c69d44100
Event: 9.803 Thread 0x0000015c69d3d800 Thread exited: 0x0000015c69d3d800
Event: 10.476 Thread 0x0000015c676b3990 Thread exited: 0x0000015c676b3990
Event: 10.476 Thread 0x0000015c676b4850 Thread exited: 0x0000015c676b4850
Event: 11.090 Thread 0x0000015c676b22c0 Thread exited: 0x0000015c676b22c0
Event: 14.406 Thread 0x0000015c676b1400 Thread exited: 0x0000015c676b1400
Event: 20.253 Thread 0x0000015c6740cc10 Thread exited: 0x0000015c6740cc10
Event: 20.253 Thread 0x0000015c66a9aa00 Thread exited: 0x0000015c66a9aa00
Event: 20.253 Thread 0x0000015c660e3650 Thread exited: 0x0000015c660e3650
Event: 29.964 Thread 0x0000015c660e2fa0 Thread exited: 0x0000015c660e2fa0


Dynamic libraries:
0x00007ff708190000 - 0x00007ff7081a0000 	C:\Program Files\Java\jdk-21\bin\javaw.exe
0x00007ff9d5cb0000 - 0x00007ff9d5ec7000 	C:\Windows\SYSTEM32\ntdll.dll
0x00007ff9d54d0000 - 0x00007ff9d5594000 	C:\Windows\System32\KERNEL32.DLL
0x00007ff9d33a0000 - 0x00007ff9d3747000 	C:\Windows\System32\KERNELBASE.dll
0x00007ff9d3750000 - 0x00007ff9d3861000 	C:\Windows\System32\ucrtbase.dll
0x00007ff9d2920000 - 0x00007ff9d2939000 	C:\Program Files\Java\jdk-21\bin\jli.dll
0x00007ff9d12b0000 - 0x00007ff9d12cb000 	C:\Program Files\Java\jdk-21\bin\VCRUNTIME140.dll
0x00007ff9d43e0000 - 0x00007ff9d4490000 	C:\Windows\System32\ADVAPI32.dll
0x00007ff9d3bf0000 - 0x00007ff9d3c97000 	C:\Windows\System32\msvcrt.dll
0x00007ff9d40f0000 - 0x00007ff9d4196000 	C:\Windows\System32\sechost.dll
0x00007ff9d3d30000 - 0x00007ff9d3e47000 	C:\Windows\System32\RPCRT4.dll
0x00007ff9d4230000 - 0x00007ff9d43de000 	C:\Windows\System32\USER32.dll
0x00007ff9d30d0000 - 0x00007ff9d30f6000 	C:\Windows\System32\win32u.dll
0x00007ff9d54a0000 - 0x00007ff9d54c9000 	C:\Windows\System32\GDI32.dll
0x00007ff9d3870000 - 0x00007ff9d3989000 	C:\Windows\System32\gdi32full.dll
0x00007ff9d3030000 - 0x00007ff9d30ca000 	C:\Windows\System32\msvcp_win.dll
0x00007ff9d2260000 - 0x00007ff9d24f3000 	C:\Windows\WinSxS\amd64_microsoft.windows.common-controls_6595b64144ccf1df_6.0.22621.2506_none_270c5ae97388e100\COMCTL32.dll
0x00007ff9cfe80000 - 0x00007ff9cfe8a000 	C:\Windows\SYSTEM32\VERSION.dll
0x00007ff9d3ec0000 - 0x00007ff9d3ef1000 	C:\Windows\System32\IMM32.DLL
0x00007ff9d28c0000 - 0x00007ff9d28cc000 	C:\Program Files\Java\jdk-21\bin\vcruntime140_1.dll
0x00007ff9cd540000 - 0x00007ff9cd5ce000 	C:\Program Files\Java\jdk-21\bin\msvcp140.dll
0x00007ff93f740000 - 0x00007ff940453000 	C:\Program Files\Java\jdk-21\bin\server\jvm.dll
0x00007ff9d55a0000 - 0x00007ff9d5611000 	C:\Windows\System32\WS2_32.dll
0x00007ff9d2950000 - 0x00007ff9d299d000 	C:\Windows\SYSTEM32\POWRPROF.dll
0x00007ff9c9eb0000 - 0x00007ff9c9ee4000 	C:\Windows\SYSTEM32\WINMM.dll
0x00007ff9d27f0000 - 0x00007ff9d2803000 	C:\Windows\SYSTEM32\UMPDC.dll
0x00007ff9d1920000 - 0x00007ff9d1938000 	C:\Windows\SYSTEM32\kernel.appcore.dll
0x00007ff9d1280000 - 0x00007ff9d128a000 	C:\Program Files\Java\jdk-21\bin\jimage.dll
0x00007ff9d29a0000 - 0x00007ff9d2bd3000 	C:\Windows\SYSTEM32\DBGHELP.DLL
0x00007ff9d4490000 - 0x00007ff9d4819000 	C:\Windows\System32\combase.dll
0x00007ff9d3b10000 - 0x00007ff9d3be7000 	C:\Windows\System32\OLEAUT32.dll
0x00007ff9d2810000 - 0x00007ff9d2842000 	C:\Windows\SYSTEM32\dbgcore.DLL
0x00007ff9d3990000 - 0x00007ff9d3a0a000 	C:\Windows\System32\bcryptPrimitives.dll
0x00007ff9bbf00000 - 0x00007ff9bbf3c000 	C:\Program Files\Java\jdk-21\bin\jdwp.dll
0x00007ff9cf250000 - 0x00007ff9cf25f000 	C:\Program Files\Java\jdk-21\bin\instrument.dll
0x00007ff9cd520000 - 0x00007ff9cd53f000 	C:\Program Files\Java\jdk-21\bin\java.dll
0x00007ff9d4c40000 - 0x00007ff9d5499000 	C:\Windows\System32\SHELL32.dll
0x00007ff9cfff0000 - 0x00007ff9d08e4000 	C:\Windows\SYSTEM32\windows.storage.dll
0x00007ff9cfeb0000 - 0x00007ff9cffee000 	C:\Windows\SYSTEM32\wintypes.dll
0x00007ff9d3a10000 - 0x00007ff9d3b03000 	C:\Windows\System32\SHCORE.dll
0x00007ff9d4b20000 - 0x00007ff9d4b7e000 	C:\Windows\System32\shlwapi.dll
0x00007ff9d2f60000 - 0x00007ff9d2f86000 	C:\Windows\SYSTEM32\profapi.dll
0x00007ff9cc200000 - 0x00007ff9cc20c000 	C:\Program Files\Java\jdk-21\bin\dt_socket.dll
0x00007ff9d0b40000 - 0x00007ff9d0b6d000 	C:\Windows\SYSTEM32\IPHLPAPI.DLL
0x00007ff9d1c40000 - 0x00007ff9d1ca9000 	C:\Windows\system32\mswsock.dll
0x00007ff9d0b70000 - 0x00007ff9d0c69000 	C:\Windows\SYSTEM32\DNSAPI.dll
0x00007ff9d3f20000 - 0x00007ff9d3f29000 	C:\Windows\System32\NSI.dll
0x00007ff9cb250000 - 0x00007ff9cb25a000 	C:\Windows\System32\rasadhlp.dll
0x00007ff9cad90000 - 0x00007ff9cae13000 	C:\Windows\System32\fwpuclnt.dll
0x00007ff9c3ad0000 - 0x00007ff9c3ae8000 	C:\Program Files\Java\jdk-21\bin\zip.dll
0x00007ff9cd510000 - 0x00007ff9cd520000 	C:\Program Files\Java\jdk-21\bin\net.dll
0x00007ff9ccbe0000 - 0x00007ff9ccd17000 	C:\Windows\SYSTEM32\WINHTTP.dll
0x00007ff9cd4f0000 - 0x00007ff9cd506000 	C:\Program Files\Java\jdk-21\bin\nio.dll
0x00007ff9cd4c0000 - 0x00007ff9cd4ca000 	C:\Program Files\Java\jdk-21\bin\management.dll
0x00007ff9cc1c0000 - 0x00007ff9cc1cb000 	C:\Program Files\Java\jdk-21\bin\management_ext.dll
0x00007ff9d4820000 - 0x00007ff9d4828000 	C:\Windows\System32\PSAPI.DLL
0x00007ff9a8290000 - 0x00007ff9a82a7000 	C:\Windows\system32\napinsp.dll
0x00007ff9a8270000 - 0x00007ff9a828b000 	C:\Windows\system32\pnrpnsp.dll
0x00007ff9a8250000 - 0x00007ff9a8261000 	C:\Windows\System32\winrnr.dll
0x00007ff9a8230000 - 0x00007ff9a8245000 	C:\Windows\system32\wshbth.dll
0x00007ff9a8200000 - 0x00007ff9a8221000 	C:\Windows\system32\nlansp_c.dll
0x00007ff9d2cd0000 - 0x00007ff9d2ceb000 	C:\Windows\SYSTEM32\CRYPTSP.dll
0x00007ff9d1180000 - 0x00007ff9d11b5000 	C:\Windows\system32\rsaenh.dll
0x00007ff9d1ef0000 - 0x00007ff9d1f1c000 	C:\Windows\SYSTEM32\USERENV.dll
0x00007ff9d2850000 - 0x00007ff9d2878000 	C:\Windows\SYSTEM32\bcrypt.dll
0x00007ff9d2050000 - 0x00007ff9d205c000 	C:\Windows\SYSTEM32\CRYPTBASE.dll
0x00007ff9cd4e0000 - 0x00007ff9cd4e7000 	C:\Program Files\Java\jdk-21\bin\extnet.dll
0x00007ff9c3900000 - 0x00007ff9c3910000 	C:\Program Files\Java\jdk-21\bin\verify.dll
0x00007ff9c3ac0000 - 0x00007ff9c3ace000 	C:\Program Files\Java\jdk-21\bin\sunmscapi.dll
0x00007ff9d3230000 - 0x00007ff9d3396000 	C:\Windows\System32\CRYPT32.dll
0x00007ff9d2230000 - 0x00007ff9d225d000 	C:\Windows\SYSTEM32\ncrypt.dll
0x00007ff9d21f0000 - 0x00007ff9d2227000 	C:\Windows\SYSTEM32\NTASN1.dll
0x00007ff99f840000 - 0x00007ff99f848000 	C:\Windows\system32\wshunix.dll

dbghelp: loaded successfully - version: 4.0.5 - missing functions: none
symbol engine: initialized successfully - sym options: 0x614 - pdb path: .;C:\Program Files\Java\jdk-21\bin;C:\Windows\SYSTEM32;C:\Windows\WinSxS\amd64_microsoft.windows.common-controls_6595b64144ccf1df_6.0.22621.2506_none_270c5ae97388e100;C:\Program Files\Java\jdk-21\bin\server

VM Arguments:
jvm_args: -XX:+ShowCodeDetailsInExceptionMessages -agentlib:jdwp=transport=dt_socket,suspend=y,address=localhost:55031 -Dcom.sun.management.jmxremote -Dcom.sun.management.jmxremote.port=55030 -Dcom.sun.management.jmxremote.authenticate=false -Dcom.sun.management.jmxremote.ssl=false -Djava.rmi.server.hostname=localhost -Dspring.jmx.enabled=true -Dmanagement.endpoints.jmx.exposure.include=* -Dspring.application.admin.enabled=true -XX:TieredStopAtLevel=1 -Dspring.boot.project.name=ShopmeFrontEnd -javaagent:D:\PERSONAL\App\Development\Installer\sts-4.20.0.RELEASE\configuration\org.eclipse.osgi\262\0\.cp\lib\javaagent-shaded.jar -Dfile.encoding=UTF-8 -Dstdout.encoding=UTF-8 -Dstderr.encoding=UTF-8 
java_command: com.shopme.ShopmeFrontEndApplication --spring.output.ansi.enabled=always
java_class_path (initial): D:\PROJECTS\ElectronicShop\ShopmeProject\ShopmeWebParent\ShopmeFrontEnd\target\classes;C:\Users\ADMIN\.m2\repository\org\springframework\boot\spring-boot-devtools\3.1.5\spring-boot-devtools-3.1.5.jar;C:\Users\ADMIN\.m2\repository\org\springframework\boot\spring-boot\3.1.5\spring-boot-3.1.5.jar;C:\Users\ADMIN\.m2\repository\org\springframework\spring-context\6.0.13\spring-context-6.0.13.jar;C:\Users\ADMIN\.m2\repository\org\springframework\boot\spring-boot-autoconfigure\3.1.5\spring-boot-autoconfigure-3.1.5.jar;C:\Users\ADMIN\.m2\repository\org\springframework\boot\spring-boot-starter-mail\3.1.5\spring-boot-starter-mail-3.1.5.jar;C:\Users\ADMIN\.m2\repository\org\springframework\boot\spring-boot-starter\3.1.5\spring-boot-starter-3.1.5.jar;C:\Users\ADMIN\.m2\repository\org\springframework\boot\spring-boot-starter-logging\3.1.5\spring-boot-starter-logging-3.1.5.jar;C:\Users\ADMIN\.m2\repository\ch\qos\logback\logback-classic\1.4.11\logback-classic-1.4.11.jar;C:\Users\ADMIN\.m2\repository\ch\qos\logback\logback-core\1.4.11\logback-core-1.4.11.jar;C:\Users\ADMIN\.m2\repository\org\apache\logging\log4j\log4j-to-slf4j\2.20.0\log4j-to-slf4j-2.20.0.jar;C:\Users\ADMIN\.m2\repository\org\apache\logging\log4j\log4j-api\2.20.0\log4j-api-2.20.0.jar;C:\Users\ADMIN\.m2\repository\org\slf4j\jul-to-slf4j\2.0.9\jul-to-slf4j-2.0.9.jar;C:\Users\ADMIN\.m2\repository\jakarta\annotation\jakarta.annotation-api\2.1.1\jakarta.annotation-api-2.1.1.jar;C:\Users\ADMIN\.m2\repository\org\yaml\snakeyaml\1.33\snakeyaml-1.33.jar;C:\Users\ADMIN\.m2\repository\org\springframework\spring-context-support\6.0.13\spring-context-support-6.0.13.jar;C:\Users\ADMIN\.m2\repository\org\springframework\spring-beans\6.0.13\spring-beans-6.0.13.jar;C:\Users\ADMIN\.m2\repository\org\eclipse\angus\jakarta.mail\1.1.0\jakarta.mail-1.1.0.jar;C:\Users\ADMIN\.m2\repository\jakarta\activation\jakarta.activation-api\2.1.2\jakarta.activation-api-2.1.2.jar;C:\Users\ADMIN\.m2\repository\org\eclipse\angus\angus-activation\2.0.1\angus-activation-2.0.1.jar;C:\Users\ADMIN\.m2\repository\org\springframework\boot\spring-boot-starter-web\3.1.5\spring-boot-starter-web-3.1.5.jar;C:\Users\ADMIN\.m2\repository\org\springframework\boot\spring-boot-starter-json\3.1.5\spring-boot-starter-json-3.1.5.jar;C:\Users\ADMIN\.m2\repository\com\fasterxml\jackson\core\jackson-databind\2.15.3\jackson-databind-2.15.3.jar;C:\Users\ADMIN\.m2\repository\com\fasterxml\jackson\core\jackson-annotations\2.15.3\jackson-annotations-2.15.3.jar;C:\Users\ADMIN\.m2\repository\com\fasterxml\jackson\datatype\jackson-datatype-jdk8\2.15.3\jackson-datatype-jdk8-2.15.3.jar;C:\Users\ADMIN\.m2\repository\com\fasterxml\jackson\datatype\jackson-datatype-jsr310\2.15.3\jackson-datatype-jsr310-2.15.3.jar;C:\Users\ADMIN\.m2\repository\com\fasterxml\jackson\module\jackson-module-parameter-names\2.15.3\jackson-module-parameter-names-2.15.3.jar;C:\Users\ADMIN\.m2\repository\org\springframework\boot\spring-boot-starter-tomcat\3.1.5\spring-boot-starter-tomcat-3.1.5.jar;C:\Users\ADMIN\.m2\repository\org\apache\tomcat\embed\tomcat-embed-core\10.1.15\tomcat-embed-core-10.1.15.jar;C:\Users\ADMIN\.m2\repository\org\apache\tomcat\embed\tomcat-embed-el\10.1.15\tomcat-embed-el-10.1.15.jar;C:\Users\ADMIN\.m2\repository\org\apache\tomcat\embed\tomcat-embed-websocket\10.1.15\tomcat-embed-websocket-10.1.15.jar;C:\Users\ADMIN\.m2\repository\org\springframework\spring-web\6.0.13\spring-web-6.0.13.jar;C:\Users\ADMIN\.m2\repository\io\micrometer\micrometer-observation\1.11.5\micrometer-observation-1.11.5.jar;C:\Users\ADMIN\.m2\repository\io\micrometer\micrometer-commons\1.11.5\micrometer-commons-1.11.5.jar;C:\Users\ADMIN\.m2\repository\org\springframework\spring-webmvc\6.0.13\spring-webmvc-6.0.13.jar;C:\Users\ADMIN\.m2\repository\org\springframework\spring-expression\6.0.13\spring-expression-6.0.13.jar;C:\Users\ADMIN\.m2\repository\org\springframework\boot\spring-boot-starter-security\3.1.5\spring-boot-starter-security-3.1.5.jar;C:\Users\ADMIN\.m2\repository\org\springframework\spring-aop\6.0.13\spring-aop-6.0.13.jar;C:\Users\ADMIN\.m2\repository\org\springframework\security\spring-security-config\6.1.5\spring-security-config-6.1.5.jar;C:\Users\ADMIN\.m2\repository\org\springframework\security\spring-security-core\6.1.5\spring-security-core-6.1.5.jar;C:\Users\ADMIN\.m2\repository\org\springframework\security\spring-security-crypto\6.1.5\spring-security-crypto-6.1.5.jar;C:\Users\ADMIN\.m2\repository\org\springframework\security\spring-security-web\6.1.5\spring-security-web-6.1.5.jar;C:\Users\ADMIN\.m2\repository\org\springframework\boot\spring-boot-starter-thymeleaf\3.1.5\spring-boot-starter-thymeleaf-3.1.5.jar;C:\Users\ADMIN\.m2\repository\org\thymeleaf\thymeleaf-spring6\3.1.2.RELEASE\thymeleaf-spring6-3.1.2.RELEASE.jar;C:\Users\ADMIN\.m2\repository\org\thymeleaf\thymeleaf\3.1.2.RELEASE\thymeleaf-3.1.2.RELEASE.jar;C:\Users\ADMIN\.m2\repository\org\attoparser\attoparser\2.0.7.RELEASE\attoparser-2.0.7.RELEASE.jar;C:\Users\ADMIN\.m2\repository\org\unbescape\unbescape\1.1.6.RELEASE\unbescape-1.1.6.RELEASE.jar;C:\Users\ADMIN\.m2\repository\org\thymeleaf\extras\thymeleaf-extras-springsecurity6\3.1.2.RELEASE\thymeleaf-extras-springsecurity6-3.1.2.RELEASE.jar;C:\Users\ADMIN\.m2\repository\org\slf4j\slf4j-api\2.0.9\slf4j-api-2.0.9.jar;C:\Users\ADMIN\.m2\repository\com\mysql\mysql-connector-j\8.0.33\mysql-connector-j-8.0.33.jar;C:\Users\ADMIN\.m2\repository\org\springframework\boot\spring-boot-starter-data-jpa\3.1.5\spring-boot-starter-data-jpa-3.1.5.jar;C:\Users\ADMIN\.m2\repository\org\springframework\boot\spring-boot-starter-aop\3.1.5\spring-boot-starter-aop-3.1.5.jar;C:\Users\ADMIN\.m2\repository\org\aspectj\aspectjweaver\1.9.20\aspectjweaver-1.9.20.jar;C:\Users\ADMIN\.m2\repository\org\springframework\boot\spring-boot-starter-jdbc\3.1.5\spring-boot-starter-jdbc-3.1.5.jar;C:\Users\ADMIN\.m2\repository\com\zaxxer\HikariCP\5.0.1\HikariCP-5.0.1.jar;C:\Users\ADMIN\.m2\repository\org\springframework\spring-jdbc\6.0.13\spring-jdbc-6.0.13.jar;C:\Users\ADMIN\.m2\repository\org\hibernate\orm\hibernate-core\6.2.13.Final\hibernate-core-6.2.13.Final.jar;C:\Users\ADMIN\.m2\repository\jakarta\persistence\jakarta.persistence-api\3.1.0\jakarta.persistence-api-3.1.0.jar;C:\Users\ADMIN\.m2\repository\jakarta\transaction\jakarta.transaction-api\2.0.1\jakarta.transaction-api-2.0.1.jar;C:\Users\ADMIN\.m2\repository\org\jboss\logging\jboss-logging\3.5.3.Final\jboss-logging-3.5.3.Final.jar;C:\Users\ADMIN\.m2\repository\org\hibernate\common\hibernate-commons-annotations\6.0.6.Final\hibernate-commons-annotations-6.0.6.Final.jar;C:\Users\ADMIN\.m2\repository\io\smallrye\jandex\3.0.5\jandex-3.0.5.jar;C:\Users\ADMIN\.m2\repository\com\fasterxml\classmate\1.5.1\classmate-1.5.1.jar;C:\Users\ADMIN\.m2\repository\org\glassfish\jaxb\jaxb-runtime\4.0.3\jaxb-runtime-4.0.3.jar;C:\Users\ADMIN\.m2\repository\org\glassfish\jaxb\jaxb-core\4.0.3\jaxb-core-4.0.3.jar;C:\Users\ADMIN\.m2\repository\org\glassfish\jaxb\txw2\4.0.3\txw2-4.0.3.jar;C:\Users\ADMIN\.m2\repository\com\sun\istack\istack-commons-runtime\4.1.2\istack-commons-runtime-4.1.2.jar;C:\Users\ADMIN\.m2\repository\jakarta\inject\jakarta.inject-api\2.0.1\jakarta.inject-api-2.0.1.jar;C:\Users\ADMIN\.m2\repository\org\antlr\antlr4-runtime\4.10.1\antlr4-runtime-4.10.1.jar;C:\Users\ADMIN\.m2\repository\org\springframework\data\spring-data-jpa\3.1.5\spring-data-jpa-3.1.5.jar;C:\Users\ADMIN\.m2\repository\org\springframework\data\spring-data-commons\3.1.5\spring-data-commons-3.1.5.jar;C:\Users\ADMIN\.m2\repository\org\springframework\spring-orm\6.0.13\spring-orm-6.0.13.jar;C:\Users\ADMIN\.m2\repository\org\springframework\spring-tx\6.0.13\spring-tx-6.0.13.jar;C:\Users\ADMIN\.m2\repository\org\springframework\spring-aspects\6.0.13\spring-aspects-6.0.13.jar;C:\Users\ADMIN\.m2\repository\jakarta\xml\bind\jakarta.xml.bind-api\4.0.1\jakarta.xml.bind-api-4.0.1.jar;C:\Users\ADMIN\.m2\repository\org\springframework\spring-core\6.0.13\spring-core-6.0.13.jar;C:\Users\ADMIN\.m2\repository\org\springframework\spring-jcl\6.0.13\spring-jcl-6.0.13.jar;C:\Users\ADMIN\.m2\repository\org\webjars\bootstrap\5.3.1\bootstrap-5.3.1.jar;C:\Users\ADMIN\.m2\repository\org\webjars\jquery\3.7.0\jquery-3.7.0.jar;C:\Users\ADMIN\.m2\repository\org\webjars\webjars-locator-core\0.52\webjars-locator-core-0.52.jar;C:\Users\ADMIN\.m2\repository\io\github\classgraph\classgraph\4.8.147\classgraph-4.8.147.jar;C:\Users\ADMIN\.m2\repository\com\fasterxml\jackson\core\jackson-core\2.15.3\jackson-core-2.15.3.jar;C:\Users\ADMIN\.m2\repository\org\projectlombok\lombok\1.18.30\lombok-1.18.30.jar;D:\PROJECTS\ElectronicShop\ShopmeProject\ShopmeCommon\target\classes;C:\Users\ADMIN\.m2\repository\net\bytebuddy\byte-buddy\1.14.9\byte-buddy-1.14.9.jar
Launcher Type: SUN_STANDARD

[Global flags]
     intx CICompilerCount                          = 12                                        {product} {ergonomic}
     uint ConcGCThreads                            = 3                                         {product} {ergonomic}
     uint G1ConcRefinementThreads                  = 13                                        {product} {ergonomic}
   size_t G1HeapRegionSize                         = 2097152                                   {product} {ergonomic}
    uintx GCDrainStackTargetSize                   = 64                                        {product} {ergonomic}
   size_t InitialHeapSize                          = 264241152                                 {product} {ergonomic}
     bool ManagementServer                         = true                                      {product} {command line}
   size_t MarkStackSize                            = 4194304                                   {product} {ergonomic}
   size_t MaxHeapSize                              = 4198498304                                {product} {ergonomic}
   size_t MaxNewSize                               = 2518679552                                {product} {ergonomic}
   size_t MinHeapDeltaBytes                        = 2097152                                   {product} {ergonomic}
   size_t MinHeapSize                              = 8388608                                   {product} {ergonomic}
    uintx NonNMethodCodeHeapSize                   = 4096                                   {pd product} {ergonomic}
    uintx NonProfiledCodeHeapSize                  = 0                                      {pd product} {ergonomic}
     bool ProfileInterpreter                       = false                                  {pd product} {command line}
    uintx ProfiledCodeHeapSize                     = 0                                      {pd product} {ergonomic}
     bool ShowCodeDetailsInExceptionMessages       = true                                   {manageable} {command line}
   size_t SoftMaxHeapSize                          = 4198498304                             {manageable} {ergonomic}
     intx TieredStopAtLevel                        = 1                                         {product} {command line}
     bool UseCompressedOops                        = true                           {product lp64_product} {ergonomic}
     bool UseG1GC                                  = true                                      {product} {ergonomic}
     bool UseLargePagesIndividualAllocation        = false                                  {pd product} {ergonomic}

Logging:
Log output configuration:
 #0: stdout all=warning uptime,level,tags foldmultilines=false
 #1: stderr all=off uptime,level,tags foldmultilines=false

Environment Variables:
JAVA_HOME=C:\Program Files\Java\jdk-21
PATH=D:/PERSONAL/App/Development/Installer/sts-4.20.0.RELEASE//plugins/org.eclipse.justj.openjdk.hotspot.jre.full.win32.x86_64_17.0.8.v20230831-1047/jre/bin/server;D:/PERSONAL/App/Development/Installer/sts-4.20.0.RELEASE//plugins/org.eclipse.justj.openjdk.hotspot.jre.full.win32.x86_64_17.0.8.v20230831-1047/jre/bin;C:\Python312\Scripts\;C:\Python312\;C:\Program Files\Common Files\Oracle\Java\javapath;C:\Windows\system32;C:\Windows;C:\Windows\System32\Wbem;C:\Windows\System32\WindowsPowerShell\v1.0\;C:\Windows\System32\OpenSSH\;D:\PERSONAL\App\Development\Executer\Git\cmd;C:\Program Files\Java\jdk-21\bin;D:\PERSONAL\App\Development\Executer\apache-maven-4.0.0-alpha-7\bin;C:\Windows\System32;D:\PERSONAL\App\Development\Executer\Android Studio\jbr;C:\ProgramData\chocolatey\bin;D:\PERSONAL\App\Development\Executer\nodejs\;C:\Program Files\PowerShell\7\;C:\Windows\System32;D:\PERSONAL\App\Development\Executer\Microsoft VS Code\bin;C:\Users\ADMIN\AppData\Roaming\npm;C:\tools\dart-sdk\bin;C:\Users\ADMIN\AppData\Local\Pub\Cache\bin;;D:\PERSONAL\App\Development\Executer\IntelliJ IDEA 2023.2.1\bin;;D:\PERSONAL\App\Development\Installer\sts-4.20.0.RELEASE;
USERNAME=ADMIN
OS=Windows_NT
PROCESSOR_IDENTIFIER=Intel64 Family 6 Model 186 Stepping 2, GenuineIntel
TMP=C:\Users\ADMIN\AppData\Local\Temp
TEMP=C:\Users\ADMIN\AppData\Local\Temp




---------------  S Y S T E M  ---------------

OS:
 Windows 11 , 64 bit Build 22621 (10.0.22621.2506)
OS uptime: 1 days 3:58 hours
Hyper-V role detected

CPU: total 16 (initial active 16) (8 cores per cpu, 2 threads per core) family 6 model 186 stepping 2 microcode 0x410e, cx8, cmov, fxsr, ht, mmx, 3dnowpref, sse, sse2, sse3, ssse3, sse4.1, sse4.2, popcnt, lzcnt, tsc, tscinvbit, avx, avx2, aes, erms, clmul, bmi1, bmi2, adx, sha, fma, vzeroupper, clflush, clflushopt, clwb, hv, serialize, rdtscp, rdpid, fsrm, f16c, cet_ibt, cet_ss
Processor Information for processor 0
  Max Mhz: 2600, Current Mhz: 2600, Mhz Limit: 2600
Processor Information for processor 1
  Max Mhz: 2600, Current Mhz: 2600, Mhz Limit: 2600
Processor Information for processor 2
  Max Mhz: 2600, Current Mhz: 2600, Mhz Limit: 2600
Processor Information for processor 3
  Max Mhz: 2600, Current Mhz: 2600, Mhz Limit: 2600
Processor Information for processor 4
  Max Mhz: 2600, Current Mhz: 2600, Mhz Limit: 2600
Processor Information for processor 5
  Max Mhz: 2600, Current Mhz: 2600, Mhz Limit: 2600
Processor Information for processor 6
  Max Mhz: 2600, Current Mhz: 2600, Mhz Limit: 2600
Processor Information for processor 7
  Max Mhz: 2600, Current Mhz: 2600, Mhz Limit: 2600
Processor Information for processor 8
  Max Mhz: 2600, Current Mhz: 1900, Mhz Limit: 1898
Processor Information for processor 9
  Max Mhz: 2600, Current Mhz: 1500, Mhz Limit: 1898
Processor Information for processor 10
  Max Mhz: 2600, Current Mhz: 1500, Mhz Limit: 1898
Processor Information for processor 11
  Max Mhz: 2600, Current Mhz: 1900, Mhz Limit: 1898
Processor Information for processor 12
  Max Mhz: 2600, Current Mhz: 1900, Mhz Limit: 1898
Processor Information for processor 13
  Max Mhz: 2600, Current Mhz: 1900, Mhz Limit: 1898
Processor Information for processor 14
  Max Mhz: 2600, Current Mhz: 1900, Mhz Limit: 1898
Processor Information for processor 15
  Max Mhz: 2600, Current Mhz: 1900, Mhz Limit: 1898

Memory: 4k page, system-wide physical 16008M (2941M free)
TotalPageFile size 31368M (AvailPageFile size 8303M)
current process WorkingSet (physical memory assigned to process): 306M, peak: 310M
current process commit charge ("private bytes"): 364M, peak: 387M

vm_info: Java HotSpot(TM) 64-Bit Server VM (21+35-LTS-2513) for windows-amd64 JRE (21+35-LTS-2513), built on 2023-08-09T20:25:10Z by "mach5one" with MS VC++ 17.1 (VS2022)

END.
